 The number of PDEs is assumed to be            1


THE INPUT IS
kcol =  4, nint0 =   10, npde =   1, tout = 1.0E+00
atol = 1.0E-06, rtol = 1.0E-06,                 LOI
idid=    3
idid > 0 => Successful computation

THE OUTPUT IS
         XOUT                       UOUT
   0.0000000000000000        1.0000000000000000     
  0.10000000000000001       0.99999998849041727     
  0.20000000000000001        1.0000000294895213     
  0.29999999999999999        1.0000000361779027     
  0.40000000000000002       0.99999998725333095     
  0.50000000000000000       0.99999993800650522     
  0.59999999999999998        1.0000000313968107     
  0.69999999999999996       0.99999989733940353     
  0.80000000000000004        1.0000000319018232     
  0.90000000000000002       0.99397634825721370     
   1.0000000000000000       0.10000000000000002     

SPATIAL PARTIAL DERIVATIVE 1
         XOUT                       UOUT
   0.0000000000000000       -8.0867873819556735E-007
  0.10000000000000001        3.4120639309364459E-007
  0.20000000000000001        3.3223071431442985E-007
  0.29999999999999999       -2.3581275815365288E-007
  0.40000000000000002       -6.5237347501856391E-007
  0.50000000000000000       -9.6143355055033908E-008
  0.59999999999999998        2.3649432119299263E-006
  0.69999999999999996       -3.4777107085215420E-006
  0.80000000000000004        3.7821359512579811E-006
  0.90000000000000002       -2.6924974705641489     
   1.0000000000000000        2.3293117875411440E-005
