   0.0000000000000000        0.0000000000000000        1.0000000000000000     
  0.22220863832825219        0.0000000000000000       0.99952010721565254     
  0.27140753466892215        0.0000000000000000       0.50235843062973851     
  0.28636124061242818        0.0000000000000000       0.50005637019027538     
  0.29534467750709692        0.0000000000000000       0.50000596662873742     
  0.30179948295331366        0.0000000000000000       0.50000118826024997     
  0.30714191578544453        0.0000000000000000       0.50000031251081767     
  0.31226500460898082        0.0000000000000000       0.50000008682263253     
  0.31585056954894070        0.0000000000000000       0.50000003542706928     
  0.32011383963711448        0.0000000000000000       0.50000001220271806     
  0.32314287178344914        0.0000000000000000       0.50000000572247094     
  0.32628955335675075        0.0000000000000000       0.50000000260577515     
  0.32938344685025717        0.0000000000000000       0.50000000120232413     
  0.33316704038788431        0.0000000000000000       0.50000000046689808     
  0.33696167570260788        0.0000000000000000       0.50000000018080870     
  0.34172702181481157        0.0000000000000000       0.50000000005492595     
  0.34742580460847128        0.0000000000000000       0.50000000001319356     
  0.35504375159113399        0.0000000000000000       0.50000000000186506     
  0.36780702043281005        0.0000000000000000       0.49999999999876288     
  0.39296284809417659        0.0000000000000000       0.49999999979819543     
  0.45001702467870586        0.0000000000000000       0.49998177891922568     
  0.47823344848817523        0.0000000000000000       0.49491969079220172     
  0.49125993768992970        0.0000000000000000       0.44068077597672051     
  0.50008645957782982        0.0000000000000000       0.29827085152929539     
  0.50698006241691174        0.0000000000000000       0.17937985305499943     
  0.51335585690584928        0.0000000000000000       0.12587842065029586     
  0.51830489961067494        0.0000000000000000       0.11002520270149840     
  0.52223845962305171        0.0000000000000000       0.10462804739122727     
  0.52748910308375041        0.0000000000000000       0.10163159262290454     
  0.53095275765984462        0.0000000000000000       0.10081780317747611     
  0.53535467517218460        0.0000000000000000       0.10033948702005624     
  0.53908365804230685        0.0000000000000000       0.10016110967790855     
  0.54339927781514841        0.0000000000000000       0.10006797869191561     
  0.54967804092612249        0.0000000000000000       0.10001936685737817     
  0.55582979921580944        0.0000000000000000       0.10000565899228785     
  0.56332013456874253        0.0000000000000000       0.10000126514880726     
  0.57353735498249059        0.0000000000000000       0.10000016394052320     
  0.58969406235620769        0.0000000000000000       0.10000000647638586     
  0.62830648784300158        0.0000000000000000       0.10000000000286748     
  0.71283079238736546        0.0000000000000000       0.10000000000000001     
   1.0000000000000000        0.0000000000000000       0.10000000000000001     
   0.0000000000000000       0.11111111111111110        1.0000000000000000     
  0.22220863832825219       0.11111111111111110        1.0000000406679841     
  0.27140753466892215       0.11111111111111110       0.99999970600310573     
  0.28636124061242818       0.11111111111111110       0.99999599772808057     
  0.29534467750709692       0.11111111111111110       0.99996246515616671     
  0.30179948295331366       0.11111111111111110       0.99981160375587208     
  0.30714191578544453       0.11111111111111110       0.99928441121481448     
  0.31226500460898082       0.11111111111111110       0.99743396148875640     
  0.31585056954894070       0.11111111111111110       0.99375790485726245     
  0.32011383963711448       0.11111111111111110       0.98229847630826250     
  0.32314287178344914       0.11111111111111110       0.96370711626510941     
  0.32628955335675075       0.11111111111111110       0.92666291567000336     
  0.32938344685025717       0.11111111111111110       0.86429188495537290     
  0.33316704038788431       0.11111111111111110       0.75519702916747256     
  0.33696167570260788       0.11111111111111110       0.64379955659985932     
  0.34172702181481157       0.11111111111111110       0.55462420690390379     
  0.34742580460847128       0.11111111111111110       0.51433057030783091     
  0.35504375159113399       0.11111111111111110       0.50218775173382912     
  0.36780702043281005       0.11111111111111110       0.50009084456506114     
  0.39296284809417659       0.11111111111111110       0.50000017353338388     
  0.45001702467870586       0.11111111111111110       0.49999995149224408     
  0.47823344848817523       0.11111111111111110       0.49999344087529035     
  0.49125993768992970       0.11111111111111110       0.49991139051060762     
  0.50008645957782982       0.11111111111111110       0.49948275060430125     
  0.50698006241691174       0.11111111111111110       0.49795442222988240     
  0.51335585690584928       0.11111111111111110       0.49277362736483155     
  0.51830489961067494       0.11111111111111110       0.48113215813471100     
  0.52223845962305171       0.11111111111111110       0.46077625208609962     
  0.52748910308375041       0.11111111111111110       0.40517453828842542     
  0.53095275765984462       0.11111111111111110       0.34673201712867574     
  0.53535467517218460       0.11111111111111110       0.26011489895558504     
  0.53908365804230685       0.11111111111111110       0.19619089259670441     
  0.54339927781514841       0.11111111111111110       0.14713004780155628     
  0.54967804092612249       0.11111111111111110       0.11466093254729737     
  0.55582979921580944       0.11111111111111110       0.10439795583792894     
  0.56332013456874253       0.11111111111111110       0.10099177116618366     
  0.57353735498249059       0.11111111111111110       0.10012869011681573     
  0.58969406235620769       0.11111111111111110       0.10000456872257223     
  0.62830648784300158       0.11111111111111110       0.10000035888299251     
  0.71283079238736546       0.11111111111111110        9.9999968442185005E-002
   1.0000000000000000       0.11111111111111110       0.10000000000000001     
   0.0000000000000000       0.22222222222222221        1.0000000000000000     
  0.22706873075320219       0.22222222222222221       0.99999988529708206     
  0.33381677413843930       0.22222222222222221        1.0000000477403090     
  0.35932335796744430       0.22222222222222221       0.99999958455843951     
  0.37181091501485974       0.22222222222222221       0.99999303780103688     
  0.37993800552137452       0.22222222222222221       0.99994835754031364     
  0.38597433089384492       0.22222222222222221       0.99976734072723428     
  0.39129604099152399       0.22222222222222221       0.99912159761862052     
  0.39593482888945464       0.22222222222222221       0.99720988659158460     
  0.39930785280089931       0.22222222222222221       0.99356375736554337     
  0.40278220780401336       0.22222222222222221       0.98492755568852985     
  0.40557142065727519       0.22222222222222221       0.97062238812720159     
  0.40843205501616109       0.22222222222222221       0.94340925715085522     
  0.41165409583560753       0.22222222222222221       0.88892040759155244     
  0.41497327409060364       0.22222222222222221       0.80214198798134984     
  0.41829245234559981       0.22222222222222221       0.69988352859138903     
  0.42294786996785877       0.22222222222222221       0.58608635729357306     
  0.42823519596507892       0.22222222222222221       0.52627146910986367     
  0.43503076548719655       0.22222222222222221       0.50502061005602283     
  0.44529575560005380       0.22222222222222221       0.50038957142908913     
  0.46171750308445575       0.22222222222222221       0.50000641009067126     
  0.48985861333371361       0.22222222222222221       0.49999988879884388     
  0.51272696152772290       0.22222222222222221       0.49999173246916906     
  0.52508952038159618       0.22222222222222221       0.49990212997193517     
  0.53367127647396906       0.22222222222222221       0.49945609099861521     
  0.54043536539611203       0.22222222222222221       0.49790416076312505     
  0.54813810160199039       0.22222222222222221       0.49040287100659563     
  0.55297573863619165       0.22222222222222221       0.47569708265765415     
  0.55678594478017340       0.22222222222222221       0.45130785405343921     
  0.56053444891793713       0.22222222222222221       0.40927823567037180     
  0.56387604765861110       0.22222222222222221       0.35440725802121487     
  0.56972143185182755       0.22222222222222221       0.24073676996376997     
  0.57365019485099289       0.22222222222222221       0.17933575065873786     
  0.57816783017096263       0.22222222222222221       0.13644140313127695     
  0.58394422238241406       0.22222222222222221       0.11224184262756162     
  0.59022913327067927       0.22222222222222221       0.10356077410870825     
  0.59809506145723235       0.22222222222222221       0.10074352954363036     
  0.60916024585594342       0.22222222222222221       0.10008138743859885     
  0.62720543834455322       0.22222222222222221       0.10000259408731606     
  0.69644712628495664       0.22222222222222221        9.9999877881471466E-002
   1.0000000000000000       0.22222222222222221       0.10000000000000001     
   0.0000000000000000       0.33333333333333331        1.0000000000000000     
  0.25616637090673999       0.33333333333333331       0.99999998850679206     
  0.39124853675319687       0.33333333333333331        1.0000002994678536     
  0.43976909266739628       0.33333333333333331       0.99999990093960855     
  0.45747540415526994       0.33333333333333331       0.99998787971833258     
  0.46702339533351322       0.33333333333333331       0.99986850793305249     
  0.47372661290284412       0.33333333333333331       0.99929877570744652     
  0.47915616113042409       0.33333333333333331       0.99728642822575608     
  0.48443266669304302       0.33333333333333331       0.99000013369498485     
  0.48798574119703664       0.33333333333333331       0.97636760435804271     
  0.49112618067362096       0.33333333333333331       0.95094709444387593     
  0.49477012869398274       0.33333333333333331       0.89354306017571328     
  0.49731088597763107       0.33333333333333331       0.83100539025277631     
  0.49988554107281608       0.33333333333333331       0.75357686835553928     
  0.50265209125072663       0.33333333333333331       0.67003112548054122     
  0.50607169549197495       0.33333333333333331       0.58988336899413829     
  0.51031681647672944       0.33333333333333331       0.53524389905581971     
  0.51487545547233271       0.33333333333333331       0.51184329223838454     
  0.52040256603344126       0.33333333333333331       0.50302784685643731     
  0.52691957165766634       0.33333333333333331       0.50059664640777368     
  0.53641626927114960       0.33333333333333331       0.50005445497214907     
  0.54932648421906893       0.33333333333333331       0.49998634455346358     
  0.56110806887244413       0.33333333333333331       0.49983268525050462     
  0.56949383212003646       0.33333333333333331       0.49910595901385518     
  0.57603741607993320       0.33333333333333331       0.49671064008933319     
  0.58210418371544648       0.33333333333333331       0.48914328218104663     
  0.58715601929146854       0.33333333333333331       0.47153046679334409     
  0.59097744135639119       0.33333333333333331       0.44347889846321842     
  0.59481412896751840       0.33333333333333331       0.39532172472929061     
  0.59826557172843842       0.33333333333333331       0.33434478711522186     
  0.60187874427353572       0.33333333333333331       0.26286094275581984     
  0.60609665732519791       0.33333333333333331       0.19122150896303886     
  0.60960836997742396       0.33333333333333331       0.15106987333269434     
  0.61431289621070340       0.33333333333333331       0.12161378805694369     
  0.61973746218340997       0.33333333333333331       0.10757495778452264     
  0.62575166199519650       0.33333333333333331       0.10230564602491962     
  0.63310941098460427       0.33333333333333331       0.10053172636048344     
  0.64304408183364059       0.33333333333333331       0.10007302170718804     
  0.65914598538139635       0.33333333333333331       0.10000289673849003     
  0.70082789809807533       0.33333333333333331        9.9999895156963003E-002
   1.0000000000000000       0.33333333333333331       0.10000000000000001     
   0.0000000000000000       0.44444444444444442        1.0000000000000000     
  0.32582391567900881       0.44444444444444442        1.0000000030605769     
  0.47366217090214469       0.44444444444444442       0.99999985493719812     
  0.52255814926990440       0.44444444444444442        1.0000000714161021     
  0.54089501015187824       0.44444444444444442       0.99998772473643704     
  0.55071056381688743       0.44444444444444442       0.99985650730237885     
  0.55758996498799618       0.44444444444444442       0.99919963507045817     
  0.56396121213164874       0.44444444444444442       0.99608939842031696     
  0.56935008359365036       0.44444444444444442       0.98528521644426781     
  0.57282425111280821       0.44444444444444442       0.96629878947176673     
  0.57667838906291258       0.44444444444444442       0.92036339173405790     
  0.57967161823096913       0.44444444444444442       0.85704470433974611     
  0.58270259051280315       0.44444444444444442       0.76966021196806600     
  0.58583292637785234       0.44444444444444442       0.67431126635575311     
  0.58990327449786917       0.44444444444444442       0.58099395214056071     
  0.59521715076512449       0.44444444444444442       0.52417906300028705     
  0.60079152781912193       0.44444444444444442       0.50568310154246376     
  0.60704659634824443       0.44444444444444442       0.49925386468320715     
  0.61352561209351109       0.44444444444444442       0.49279114714730510     
  0.61944337105129155       0.44444444444444442       0.47664910908208202     
  0.62362088096880863       0.44444444444444442       0.44987049504924814     
  0.62772937003336327       0.44444444444444442       0.40166103394853070     
  0.63122726925807460       0.44444444444444442       0.34151178168793717     
  0.63508242064618670       0.44444444444444442       0.26537130291978994     
  0.63881385515467737       0.44444444444444442       0.20018833269131719     
  0.64297985416847947       0.44444444444444442       0.15073104595854850     
  0.64856402316139983       0.44444444444444442       0.11815379688011854     
  0.65464697167715569       0.44444444444444442       0.10555530447285091     
  0.66189010044217866       0.44444444444444442       0.10131893807231021     
  0.67155068904335780       0.44444444444444442       0.10019158518820884     
  0.68591234209024055       0.44444444444444442       0.10001076944044970     
  0.71442572753009193       0.44444444444444442        9.9999975711051875E-002
   1.0000000000000000       0.44444444444444442       0.10000000000000001     
   0.0000000000000000       0.55555555555555558        1.0000000000000000     
  0.40666063777995981       0.55555555555555558        1.0000001561011627     
  0.57599244778535974       0.55555555555555558       0.99999997619197489     
  0.61669577941999110       0.55555555555555558       0.99999826448420048     
  0.63169709457801215       0.55555555555555558       0.99992019545370958     
  0.64072496662923006       0.55555555555555558       0.99923080162859512     
  0.64695427988561915       0.55555555555555558       0.99628095840478192     
  0.65157505848321440       0.55555555555555558       0.98779127161651059     
  0.65566954362342489       0.55555555555555558       0.96417700704110820     
  0.65903480867379338       0.55555555555555558       0.91257541660235564     
  0.66160318275164998       0.55555555555555558       0.83156089214210460     
  0.66402947842851534       0.55555555555555558       0.70736895811747058     
  0.66624160443544123       0.55555555555555558       0.56225519813443547     
  0.66855989931822069       0.55555555555555558       0.41156909157013588     
  0.67110853566794759       0.55555555555555558       0.28519868819377880     
  0.67340154946068498       0.55555555555555558       0.21271169862039369     
  0.67649297002194475       0.55555555555555558       0.15803052241158105     
  0.68030752290112861       0.55555555555555558       0.12630292564471060     
  0.68450877698492996       0.55555555555555558       0.11125250266120490     
  0.68977356065409257       0.55555555555555558       0.10392437453539978     
  0.69658051656449427       0.55555555555555558       0.10100742596939044     
  0.70578020527626273       0.55555555555555558       0.10016012038118136     
  0.71962814101470995       0.55555555555555558       0.10000999020778378     
  0.75011957938248441       0.55555555555555558        9.9999939704840043E-002
   1.0000000000000000       0.55555555555555558       0.10000000000000001     
   0.0000000000000000       0.66666666666666663        1.0000000000000000     
  0.34310156632247668       0.66666666666666663       0.99999995252670892     
  0.62075955341351752       0.66666666666666663        1.0000000241564670     
  0.68065463200201504       0.66666666666666663       0.99999988593921330     
  0.70120194767588329       0.66666666666666663       0.99999162273851272     
  0.70847335686860924       0.66666666666666663       0.99983265394676335     
  0.71313158936799959       0.66666666666666663       0.99871658550034326     
  0.71650633959327370       0.66666666666666663       0.99427962250527469     
  0.71950190614209486       0.66666666666666663       0.97856321223668385     
  0.72217054594971830       0.66666666666666663       0.93279943182612668     
  0.72393071410479426       0.66666666666666663       0.86414997560546059     
  0.72565652668054614       0.66666666666666663       0.74941902591823117     
  0.72717651760265101       0.66666666666666663       0.61030159809006146     
  0.72875482739579001       0.66666666666666663       0.45272825671859485     
  0.73032644372340605       0.66666666666666663       0.31727096926988152     
  0.73183821019431672       0.66666666666666663       0.22512085956928207     
  0.73390205719257007       0.66666666666666663       0.15414689075404914     
  0.73635488534470828       0.66666666666666663       0.11883528938140778     
  0.73878195976419192       0.66666666666666663       0.10648551794756769     
  0.74194837432341754       0.66666666666666663       0.10161858750626085     
  0.74522302539545726       0.66666666666666663       0.10039755108804821     
  0.75154193410308745       0.66666666666666663       0.10003436294569137     
  0.76080385076519130       0.66666666666666663       0.10000230136595670     
  0.78867081277535644       0.66666666666666663        9.9999888011662111E-002
   1.0000000000000000       0.66666666666666663       0.10000000000000026     
   0.0000000000000000       0.77777777777777779        1.0000000000000000     
  0.35911477604436470       0.77777777777777779       0.99999998058147577     
  0.67749772099270211       0.77777777777777779       0.99999997110946615     
  0.74110436473388497       0.77777777777777779        1.0000000037266821     
  0.76081039794556171       0.77777777777777779       0.99999709887095745     
  0.76849054492530877       0.77777777777777779       0.99990705396100898     
  0.77300150376874754       0.77777777777777779       0.99929355420732724     
  0.77636729952468009       0.77777777777777779       0.99679658578614005     
  0.77932089971285257       0.77777777777777779       0.98801761442940128     
  0.78229907784115782       0.77777777777777779       0.95588776158169475     
  0.78411213684881531       0.77777777777777779       0.90606126651436791     
  0.78618862134699030       0.77777777777777779       0.79407858279974541     
  0.78762298286262122       0.77777777777777779       0.67481341912816517     
  0.78934658777495559       0.77777777777777779       0.50382321847306266     
  0.79087296458852119       0.77777777777777779       0.36147500628594953     
  0.79238322561720109       0.77777777777777779       0.25468120727233534     
  0.79484258465094237       0.77777777777777779       0.15779331963497070     
  0.79729928533624739       0.77777777777777779       0.11999131625808548     
  0.80012473120155714       0.77777777777777779       0.10569757922007023     
  0.80345697291638107       0.77777777777777779       0.10127871840716185     
  0.80800752968718503       0.77777777777777779       0.10016561821101044     
  0.81836704675609906       0.77777777777777779       0.10000108048011672     
  0.83200030292681060       0.77777777777777779       0.10000067406406701     
  0.86189887095756612       0.77777777777777779       0.10000003534285923     
   1.0000000000000000       0.77777777777777779       0.10000000000000001     
   0.0000000000000000       0.88888888888888884        1.0000000000000000     
  0.47295333053410465       0.88888888888888884        1.0000000119177119     
  0.72565116322105405       0.88888888888888884        1.0000001179980480     
  0.80341873151478183       0.88888888888888884       0.99999981247298142     
  0.82311331195073856       0.88888888888888884       0.99999493295827147     
  0.83075297371109447       0.88888888888888884       0.99984429218641013     
  0.83523572483201547       0.88888888888888884       0.99882993885303972     
  0.83856482168851099       0.88888888888888884       0.99478922314865392     
  0.84143041081857151       0.88888888888888884       0.98136317213071700     
  0.84404512850839697       0.88888888888888884       0.94223589464591484     
  0.84578912939015916       0.88888888888888884       0.88238032005443845     
  0.84754973241047071       0.88888888888888884       0.77567472572799390     
  0.84911729589156204       0.88888888888888884       0.63821674374554060     
  0.85058188604674179       0.88888888888888884       0.49141839969123674     
  0.85231564089238898       0.88888888888888884       0.33468068867426548     
  0.85390822576381509       0.88888888888888884       0.23225692571980175     
  0.85544416377514354       0.88888888888888884       0.17150209562486268     
  0.85873867674536153       0.88888888888888884       0.11729750763644242     
  0.86129670326036678       0.88888888888888884       0.10554359403839374     
  0.86427810091029245       0.88888888888888884       0.10145561661429367     
  0.86815980636239243       0.88888888888888884       0.10025404211717401     
  0.87412462232979027       0.88888888888888884       0.10001996512816239     
  0.90123414025197057       0.88888888888888884       0.10000074773417560     
  0.93052149729594080       0.88888888888888884       0.10000071825881277     
   1.0000000000000000       0.88888888888888884       0.10000000000000001     
   0.0000000000000000        1.0000000000000000        1.0000000000000000     
  0.62372649794973467        1.0000000000000000        1.0000000987379156     
  0.78086951939086924        1.0000000000000000        1.0000000142864682     
  0.85120473165833699        1.0000000000000000       0.99999995005175779     
  0.87655573794457042        1.0000000000000000       0.99999974120424062     
  0.88571454227098600        1.0000000000000000       0.99999013664389569     
  0.89069243272317700        1.0000000000000000       0.99990793657467725     
  0.89424705828315143        1.0000000000000000       0.99954468933259077     
  0.89724188155683315        1.0000000000000000       0.99825048040466635     
  0.90005205507666775        1.0000000000000000       0.99383455879616223     
  0.90214205460787367        1.0000000000000000       0.98437591052395135     
  0.90379121857854905        1.0000000000000000       0.96779849401115037     
  0.90543745678259591        1.0000000000000000       0.93500565212135389     
  0.90687713034680506        1.0000000000000000       0.88343949898822327     
  0.90839826724136019        1.0000000000000000       0.79497931999538451     
  0.91002653286642088        1.0000000000000000       0.65768298585875118     
  0.91165466813203555        1.0000000000000000       0.49523625715561836     
  0.91378869060834778        1.0000000000000000       0.30754135425860607     
  0.91636409678303576        1.0000000000000000       0.17737386664701837     
  0.91881856899678716        1.0000000000000000       0.12720328777887488     
  0.92204606025368052        1.0000000000000000       0.10651686397520727     
  0.92687877031064458        1.0000000000000000       0.10074532634398502     
  0.93243769072533245        1.0000000000000000       0.10006148227102807     
  0.94383410864816331        1.0000000000000000       0.10000064759296450     
   1.0000000000000000        1.0000000000000000       0.10000000000000002     
