 The number of PDEs is assumed to be            1


THE INPUT IS
kcol =  4, nint0 =   10, npde =   1, tout = 1.0E+00
atol = 1.0E-06, rtol = 1.0E-06,                 LOI
idid=    3
idid > 0 => Successful computation

THE OUTPUT IS
         XOUT                       UOUT
   0.0000000000000000        1.0000000000000000     
  0.10000000000000001        1.0000000270395970     
  0.20000000000000001        1.0000000573186061     
  0.29999999999999999       0.99999994954801052     
  0.40000000000000002       0.99999997240285432     
  0.50000000000000000        1.0000000245428078     
  0.59999999999999998       0.99999970338162769     
  0.69999999999999996       0.99999963537393044     
  0.80000000000000004        6.8704967504067856E-008
  0.90000000000000002        3.0395485644407573E-009
   1.0000000000000000       -1.6027617675933291E-029

SPATIAL PARTIAL DERIVATIVE 1
         XOUT                       UOUT
   0.0000000000000000       -2.8496912918285489E-006
  0.10000000000000001        1.2657156063557162E-006
  0.20000000000000001       -7.6161572568067548E-007
  0.29999999999999999       -8.1200305679374196E-007
  0.40000000000000002        1.1941526225633936E-006
  0.50000000000000000        3.3618350536879785E-006
  0.59999999999999998       -1.6011606360777364E-006
  0.69999999999999996       -2.9224215467138492E-005
  0.80000000000000004       -3.6646453749111690E-005
  0.90000000000000002       -2.5810719234359908E-006
   1.0000000000000000        2.5360579394997704E-007
