   0.0000000000000000        0.0000000000000000        1.0000000000000000E-002
   2.9411764705879480E-002   0.0000000000000000        6.0263463637932847E-003
   5.8823529411758661E-002   0.0000000000000000       -2.7366299007190011E-003
   8.8235294117637128E-002   0.0000000000000000       -9.3247222940424299E-003
  0.11764705882351879        0.0000000000000000       -8.5021713572979007E-003
  0.14705882352940258        0.0000000000000000       -9.2268359463589346E-004
  0.17647058823528461        0.0000000000000000        7.3900891722045760E-003
  0.20588235294116583        0.0000000000000000        9.8297309968396335E-003
  0.23529411764704475        0.0000000000000000        4.4573835577693408E-003
  0.26470588235292342        0.0000000000000000       -4.4573835577603835E-003
  0.29411764705880189        0.0000000000000000       -9.8297309968377686E-003
  0.32352941176468109        0.0000000000000000       -7.3900891722118375E-003
  0.35294117647056034        0.0000000000000000        9.2268359462428415E-004
  0.38235294117643759        0.0000000000000000        8.5021713572906773E-003
  0.41176470588231978        0.0000000000000000        9.3247222940473235E-003
  0.44117647058820952        0.0000000000000000        2.7366299007286262E-003
  0.47058823529409827        0.0000000000000000       -6.0263463637877032E-003
  0.49999999999998657        0.0000000000000000       -1.0000000000000000E-002
  0.52941176470587947        0.0000000000000000       -6.0263463637932847E-003
  0.55882352941176638        0.0000000000000000        2.7366299007213187E-003
  0.58823529411763942        0.0000000000000000        9.3247222940426866E-003
  0.61764705882351645        0.0000000000000000        8.5021713572982945E-003
  0.64705882352939614        0.0000000000000000        9.2268359463791594E-004
  0.67647058823525241        0.0000000000000000       -7.3900891721977681E-003
  0.70588235294111001        0.0000000000000000       -9.8297309968428566E-003
  0.73529411764698371        0.0000000000000000       -4.4573835577865041E-003
  0.76470588235285852        0.0000000000000000        4.4573835577421230E-003
  0.79411764705873455        0.0000000000000000        9.8297309968338829E-003
  0.82352941176461580        0.0000000000000000        7.3900891722256633E-003
  0.85294117647050094        0.0000000000000000       -9.2268359460570592E-004
  0.88235294117640850        0.0000000000000000       -8.5021713572858669E-003
  0.91176470588230241        0.0000000000000000       -9.3247222940493028E-003
  0.94117647058817544        0.0000000000000000       -2.7366299007389344E-003
  0.97058823529408078        0.0000000000000000        6.0263463637833178E-003
   1.0000000000000000        0.0000000000000000        1.0000000000000000E-002
   0.0000000000000000       0.11111111111111110        1.0014401646421768E-002
   2.9411764705879480E-002  0.11111111111111110        6.0350515267730909E-003
   5.8823529411758661E-002  0.11111111111111110       -2.7405884030013731E-003
   8.8235294117637128E-002  0.11111111111111110       -9.3381597466969876E-003
  0.11764705882351879       0.11111111111111110       -8.5144319890818887E-003
  0.14705882352940258       0.11111111111111110       -9.2401866400788988E-004
  0.17647058823528461       0.11111111111111110        7.4007550434045319E-003
  0.20588235294116583       0.11111111111111110        9.8438896963953769E-003
  0.23529411764704475       0.11111111111111110        4.4638273379338676E-003
  0.26470588235292342       0.11111111111111110       -4.4638273379248947E-003
  0.29411764705880189       0.11111111111111110       -9.8438896963935103E-003
  0.32352941176468109       0.11111111111111110       -7.4007550434118030E-003
  0.35294117647056034       0.11111111111111110        9.2401866399626571E-004
  0.38235294117643759       0.11111111111111110        8.5144319890746636E-003
  0.41176470588231978       0.11111111111111110        9.3381597467018917E-003
  0.44117647058820952       0.11111111111111110        2.7405884030110047E-003
  0.47058823529409827       0.11111111111111110       -6.0350515267674990E-003
  0.49999999999998657       0.11111111111111110       -1.0014401646421768E-002
  0.52941176470587947       0.11111111111111110       -6.0350515267730918E-003
  0.55882352941176638       0.11111111111111110        2.7405884030036964E-003
  0.58823529411763942       0.11111111111111110        9.3381597466972461E-003
  0.61764705882351645       0.11111111111111110        8.5144319890822859E-003
  0.64705882352939614       0.11111111111111110        9.2401866400991625E-004
  0.67647058823525241       0.11111111111111110       -7.4007550433977023E-003
  0.70588235294111001       0.11111111111111110       -9.8438896963986000E-003
  0.73529411764698371       0.11111111111111110       -4.4638273379510535E-003
  0.76470588235285852       0.11111111111111110        4.4638273379066108E-003
  0.79411764705873455       0.11111111111111110        9.8438896963896176E-003
  0.82352941176461580       0.11111111111111110        7.4007550434256487E-003
  0.85294117647050094       0.11111111111111110       -9.2401866397765842E-004
  0.88235294117640850       0.11111111111111110       -8.5144319890698428E-003
  0.91176470588230241       0.11111111111111110       -9.3381597467038693E-003
  0.94117647058817544       0.11111111111111110       -2.7405884030213311E-003
  0.97058823529408078       0.11111111111111110        6.0350515267631015E-003
   1.0000000000000000       0.11111111111111110        1.0014401646421766E-002
   0.0000000000000000       0.22222222222222221        1.0028841651164350E-002
   2.9411764705879480E-002  0.22222222222222221        6.0437641440632267E-003
   5.8823529411758661E-002  0.22222222222222221       -2.7445470708613610E-003
   8.8235294117637128E-002  0.22222222222222221       -9.3516280015873230E-003
  0.11764705882351879       0.22222222222222221       -8.5267156181874221E-003
  0.14705882352940258       0.22222222222222221       -9.2535353926334076E-004
  0.17647058823528461       0.22222222222222221        7.4114355737996788E-003
  0.20588235294116583       0.22222222222222221        9.8580847467253235E-003
  0.23529411764704475       0.22222222222222221        4.4702736396072529E-003
  0.26470588235292342       0.22222222222222221       -4.4702736395982679E-003
  0.29411764705880189       0.22222222222222221       -9.8580847467234570E-003
  0.32352941176468109       0.22222222222222221       -7.4114355738069595E-003
  0.35294117647056034       0.22222222222222221        9.2535353925170022E-004
  0.38235294117643759       0.22222222222222221        8.5267156181801883E-003
  0.41176470588231978       0.22222222222222221        9.3516280015922375E-003
  0.44117647058820952       0.22222222222222221        2.7445470708710061E-003
  0.47058823529409827       0.22222222222222221       -6.0437641440576253E-003
  0.49999999999998657       0.22222222222222221       -1.0028841651164348E-002
  0.52941176470587947       0.22222222222222221       -6.0437641440632276E-003
  0.55882352941176638       0.22222222222222221        2.7445470708636894E-003
  0.58823529411763942       0.22222222222222221        9.3516280015875815E-003
  0.61764705882351645       0.22222222222222221        8.5267156181878211E-003
  0.64705882352939614       0.22222222222222221        9.2535353926536962E-004
  0.67647058823525241       0.22222222222222221       -7.4114355737928371E-003
  0.70588235294111001       0.22222222222222221       -9.8580847467285501E-003
  0.73529411764698371       0.22222222222222221       -4.4702736396244648E-003
  0.76470588235285852       0.22222222222222221        4.4702736395799587E-003
  0.79411764705873455       0.22222222222222221        9.8580847467195573E-003
  0.82352941176461580       0.22222222222222221        7.4114355738208234E-003
  0.85294117647050094       0.22222222222222221       -9.2535353923306463E-004
  0.88235294117640850       0.22222222222222221       -8.5267156181753605E-003
  0.91176470588230241       0.22222222222222221       -9.3516280015942168E-003
  0.94117647058817544       0.22222222222222221       -2.7445470708813468E-003
  0.97058823529408078       0.22222222222222221        6.0437641440532217E-003
   1.0000000000000000       0.22222222222222221        1.0028841651164347E-002
   0.0000000000000000       0.33333333333333331        1.0043326366444507E-002
   2.9411764705879480E-002  0.33333333333333331        6.0524972873473720E-003
   5.8823529411758661E-002  0.33333333333333331       -2.7485137404451168E-003
   8.8235294117637128E-002  0.33333333333333331       -9.3651359128431502E-003
  0.11764705882351879       0.33333333333333331       -8.5390333205438984E-003
  0.14705882352940258       0.33333333333333331       -9.2669100995719923E-004
  0.17647058823528461       0.33333333333333331        7.4221435364217759E-003
  0.20588235294116583       0.33333333333333331        9.8723231912768682E-003
  0.23529411764704475       0.33333333333333331        4.4767338971713174E-003
  0.26470588235292342       0.33333333333333331       -4.4767338971623194E-003
  0.29411764705880189       0.33333333333333331       -9.8723231912749964E-003
  0.32352941176468109       0.33333333333333331       -7.4221435364290652E-003
  0.35294117647056034       0.33333333333333331        9.2669100994554319E-004
  0.38235294117643759       0.33333333333333331        8.5390333205366577E-003
  0.41176470588231978       0.33333333333333331        9.3651359128480733E-003
  0.44117647058820952       0.33333333333333331        2.7485137404547775E-003
  0.47058823529409827       0.33333333333333331       -6.0524972873417619E-003
  0.49999999999998657       0.33333333333333331       -1.0043326366444507E-002
  0.52941176470587947       0.33333333333333331       -6.0524972873473738E-003
  0.55882352941176638       0.33333333333333331        2.7485137404474501E-003
  0.58823529411763942       0.33333333333333331        9.3651359128434121E-003
  0.61764705882351645       0.33333333333333331        8.5390333205442991E-003
  0.64705882352939614       0.33333333333333331        9.2669100995923200E-004
  0.67647058823525241       0.33333333333333331       -7.4221435364149220E-003
  0.70588235294111001       0.33333333333333331       -9.8723231912800982E-003
  0.73529411764698371       0.33333333333333331       -4.4767338971885545E-003
  0.76470588235285852       0.33333333333333331        4.4767338971439842E-003
  0.79411764705873455       0.33333333333333331        9.8723231912710950E-003
  0.82352941176461580       0.33333333333333331        7.4221435364429517E-003
  0.85294117647050094       0.33333333333333331       -9.2669100992687952E-004
  0.88235294117640850       0.33333333333333331       -8.5390333205318213E-003
  0.91176470588230241       0.33333333333333331       -9.3651359128500544E-003
  0.94117647058817544       0.33333333333333331       -2.7485137404651321E-003
  0.97058823529408078       0.33333333333333331        6.0524972873373523E-003
   1.0000000000000000       0.33333333333333331        1.0043326366444500E-002
   0.0000000000000000       0.44444444444444442        1.0057813257263439E-002
   2.9411764705879480E-002  0.44444444444444442        6.0612314354810924E-003
   5.8823529411758661E-002  0.44444444444444442       -2.7524808033963103E-003
   8.8235294117637128E-002  0.44444444444444442       -9.3786457556411379E-003
  0.11764705882351879       0.44444444444444442       -8.5513526845855808E-003
  0.14705882352940258       0.44444444444444442       -9.2802860839228979E-004
  0.17647058823528461       0.44444444444444442        7.4328528391715536E-003
  0.20588235294116583       0.44444444444444442        9.8865637478441140E-003
  0.23529411764704475       0.44444444444444442        4.4831948394728413E-003
  0.26470588235292342       0.44444444444444442       -4.4831948394638294E-003
  0.29411764705880189       0.44444444444444442       -9.8865637478422370E-003
  0.32352941176468109       0.44444444444444442       -7.4328528391788507E-003
  0.35294117647056034       0.44444444444444442        9.2802860838061857E-004
  0.38235294117643759       0.44444444444444442        8.5513526845783314E-003
  0.41176470588231978       0.44444444444444442        9.3786457556460714E-003
  0.44117647058820952       0.44444444444444442        2.7524808034059861E-003
  0.47058823529409827       0.44444444444444442       -6.0612314354754719E-003
  0.49999999999998657       0.44444444444444442       -1.0057813257263437E-002
  0.52941176470587947       0.44444444444444442       -6.0612314354810924E-003
  0.55882352941176638       0.44444444444444442        2.7524808033986478E-003
  0.58823529411763942       0.44444444444444442        9.3786457556413981E-003
  0.61764705882351645       0.44444444444444442        8.5513526845859850E-003
  0.64705882352939614       0.44444444444444442        9.2802860839432625E-004
  0.67647058823525241       0.44444444444444442       -7.4328528391646876E-003
  0.70588235294111001       0.44444444444444442       -9.8865637478473458E-003
  0.73529411764698371       0.44444444444444442       -4.4831948394901018E-003
  0.76470588235285852       0.44444444444444442        4.4831948394454691E-003
  0.79411764705873455       0.44444444444444442        9.8865637478383304E-003
  0.82352941176461580       0.44444444444444442        7.4328528391927589E-003
  0.85294117647050094       0.44444444444444442       -9.2802860836192649E-004
  0.88235294117640850       0.44444444444444442       -8.5513526845734881E-003
  0.91176470588230241       0.44444444444444442       -9.3786457556480525E-003
  0.94117647058817544       0.44444444444444442       -2.7524808034163550E-003
  0.97058823529408078       0.44444444444444442        6.0612314354710553E-003
   1.0000000000000000       0.44444444444444442        1.0057813257263428E-002
   0.0000000000000000       0.55555555555555558        1.0072378699827545E-002
   2.9411764705879480E-002  0.55555555555555558        6.0700103531224027E-003
   5.8823529411758661E-002  0.55555555555555558       -2.7564676686721331E-003
   8.8235294117637128E-002  0.55555555555555558       -9.3922280313787545E-003
  0.11764705882351879       0.55555555555555558       -8.5637372577384904E-003
  0.14705882352940258       0.55555555555555558       -9.2937284239887367E-004
  0.17647058823528461       0.55555555555555558        7.4436179475708799E-003
  0.20588235294116583       0.55555555555555558        9.9008812965428426E-003
  0.23529411764704475       0.55555555555555558        4.4896884048160352E-003
  0.26470588235292342       0.55555555555555558       -4.4896884048070095E-003
  0.29411764705880189       0.55555555555555558       -9.9008812965409587E-003
  0.32352941176468109       0.55555555555555558       -7.4436179475781839E-003
  0.35294117647056034       0.55555555555555558        9.2937284238718814E-004
  0.38235294117643759       0.55555555555555558        8.5637372577312340E-003
  0.41176470588231978       0.55555555555555558        9.3922280313836967E-003
  0.44117647058820952       0.55555555555555558        2.7564676686818259E-003
  0.47058823529409827       0.55555555555555558       -6.0700103531167726E-003
  0.49999999999998657       0.55555555555555558       -1.0072378699827543E-002
  0.52941176470587947       0.55555555555555558       -6.0700103531224018E-003
  0.55882352941176638       0.55555555555555558        2.7564676686744755E-003
  0.58823529411763942       0.55555555555555558        9.3922280313790199E-003
  0.61764705882351645       0.55555555555555558        8.5637372577388963E-003
  0.64705882352939614       0.55555555555555558        9.2937284240091587E-004
  0.67647058823525241       0.55555555555555558       -7.4436179475640008E-003
  0.70588235294111001       0.55555555555555558       -9.9008812965460744E-003
  0.73529411764698371       0.55555555555555558       -4.4896884048333191E-003
  0.76470588235285852       0.55555555555555558        4.4896884047886240E-003
  0.79411764705873455       0.55555555555555558        9.9008812965370487E-003
  0.82352941176461580       0.55555555555555558        7.4436179475921146E-003
  0.85294117647050094       0.55555555555555558       -9.2937284236846831E-004
  0.88235294117640850       0.55555555555555558       -8.5637372577263820E-003
  0.91176470588230241       0.55555555555555558       -9.3922280313856847E-003
  0.94117647058817544       0.55555555555555558       -2.7564676686922091E-003
  0.97058823529408078       0.55555555555555558        6.0700103531123482E-003
   1.0000000000000000       0.55555555555555558        1.0072378699827531E-002
   0.0000000000000000       0.66666666666666663        1.0086952388154956E-002
   2.9411764705879480E-002  0.66666666666666663        6.0787939703252844E-003
   5.8823529411758661E-002  0.66666666666666663       -2.7604566126450160E-003
   8.8235294117637128E-002  0.66666666666666663       -9.4058179105741234E-003
  0.11764705882351879       0.66666666666666663       -8.5761286760467226E-003
  0.14705882352940258       0.66666666666666663       -9.3071777295716145E-004
  0.17647058823528461       0.66666666666666663        7.4543889140218159E-003
  0.20588235294116583       0.66666666666666663        9.9152069272885213E-003
  0.23529411764704475       0.66666666666666663        4.4961853946774164E-003
  0.26470588235292342       0.66666666666666663       -4.4961853946683759E-003
  0.29411764705880189       0.66666666666666663       -9.9152069272866340E-003
  0.32352941176468109       0.66666666666666663       -7.4543889140291295E-003
  0.35294117647056034       0.66666666666666663        9.3071777294546161E-004
  0.38235294117643759       0.66666666666666663        8.5761286760394611E-003
  0.41176470588231978       0.66666666666666663        9.4058179105790760E-003
  0.44117647058820952       0.66666666666666663        2.7604566126547261E-003
  0.47058823529409827       0.66666666666666663       -6.0787939703196431E-003
  0.49999999999998657       0.66666666666666663       -1.0086952388154952E-002
  0.52941176470587947       0.66666666666666663       -6.0787939703252809E-003
  0.55882352941176638       0.66666666666666663        2.7604566126473635E-003
  0.58823529411763942       0.66666666666666663        9.4058179105743905E-003
  0.61764705882351645       0.66666666666666663        8.5761286760471338E-003
  0.64705882352939614       0.66666666666666663        9.3071777295920918E-004
  0.67647058823525241       0.66666666666666663       -7.4543889140149255E-003
  0.70588235294111001       0.66666666666666663       -9.9152069272917566E-003
  0.73529411764698371       0.66666666666666663       -4.4961853946947229E-003
  0.76470588235285852       0.66666666666666663        4.4961853946499653E-003
  0.79411764705873455       0.66666666666666663        9.9152069272827187E-003
  0.82352941176461580       0.66666666666666663        7.4543889140430792E-003
  0.85294117647050094       0.66666666666666663       -9.3071777292671391E-004
  0.88235294117640850       0.66666666666666663       -8.5761286760345987E-003
  0.91176470588230241       0.66666666666666663       -9.4058179105810658E-003
  0.94117647058817544       0.66666666666666663       -2.7604566126651236E-003
  0.97058823529408078       0.66666666666666663        6.0787939703152117E-003
   1.0000000000000000       0.66666666666666663        1.0086952388154940E-002
   0.0000000000000000       0.77777777777777779        1.0101526076482367E-002
   2.9411764705879480E-002  0.77777777777777779        6.0875775875281653E-003
   5.8823529411758661E-002  0.77777777777777779       -2.7644455566178993E-003
   8.8235294117637128E-002  0.77777777777777779       -9.4194077897694923E-003
  0.11764705882351879       0.77777777777777779       -8.5885200943549549E-003
  0.14705882352940258       0.77777777777777779       -9.3206270351544923E-004
  0.17647058823528461       0.77777777777777779        7.4651598804727527E-003
  0.20588235294116583       0.77777777777777779        9.9295325580342000E-003
  0.23529411764704475       0.77777777777777779        4.5026823845387967E-003
  0.26470588235292342       0.77777777777777779       -4.5026823845297423E-003
  0.29411764705880189       0.77777777777777779       -9.9295325580323092E-003
  0.32352941176468109       0.77777777777777779       -7.4651598804800733E-003
  0.35294117647056034       0.77777777777777779        9.3206270350373530E-004
  0.38235294117643759       0.77777777777777779        8.5885200943476847E-003
  0.41176470588231978       0.77777777777777779        9.4194077897744553E-003
  0.44117647058820952       0.77777777777777779        2.7644455566276259E-003
  0.47058823529409827       0.77777777777777779       -6.0875775875225135E-003
  0.49999999999998657       0.77777777777777779       -1.0101526076482362E-002
  0.52941176470587947       0.77777777777777779       -6.0875775875281609E-003
  0.55882352941176638       0.77777777777777779        2.7644455566202515E-003
  0.58823529411763942       0.77777777777777779        9.4194077897697612E-003
  0.61764705882351645       0.77777777777777779        8.5885200943553678E-003
  0.64705882352939614       0.77777777777777779        9.3206270351750239E-004
  0.67647058823525241       0.77777777777777779       -7.4651598804658485E-003
  0.70588235294111001       0.77777777777777779       -9.9295325580374370E-003
  0.73529411764698371       0.77777777777777779       -4.5026823845561257E-003
  0.76470588235285852       0.77777777777777779        4.5026823845113065E-003
  0.79411764705873455       0.77777777777777779        9.9295325580283887E-003
  0.82352941176461580       0.77777777777777779        7.4651598804940447E-003
  0.85294117647050094       0.77777777777777779       -9.3206270348495995E-004
  0.88235294117640850       0.77777777777777779       -8.5885200943428171E-003
  0.91176470588230241       0.77777777777777779       -9.4194077897764468E-003
  0.94117647058817544       0.77777777777777779       -2.7644455566380377E-003
  0.97058823529408078       0.77777777777777779        6.0875775875180761E-003
   1.0000000000000000       0.77777777777777779        1.0101526076482348E-002
   0.0000000000000000       0.88888888888888884        1.0116099764809778E-002
   2.9411764705879480E-002  0.88888888888888884        6.0963612047310461E-003
   5.8823529411758661E-002  0.88888888888888884       -2.7684345005907821E-003
   8.8235294117637128E-002  0.88888888888888884       -9.4329976689648612E-003
  0.11764705882351879       0.88888888888888884       -8.6009115126631872E-003
  0.14705882352940258       0.88888888888888884       -9.3340763407373712E-004
  0.17647058823528461       0.88888888888888884        7.4759308469236896E-003
  0.20588235294116583       0.88888888888888884        9.9438581887798805E-003
  0.23529411764704475       0.88888888888888884        4.5091793744001778E-003
  0.26470588235292342       0.88888888888888884       -4.5091793743911087E-003
  0.29411764705880189       0.88888888888888884       -9.9438581887779827E-003
  0.32352941176468109       0.88888888888888884       -7.4759308469310171E-003
  0.35294117647056034       0.88888888888888884        9.3340763406200877E-004
  0.38235294117643759       0.88888888888888884        8.6009115126559101E-003
  0.41176470588231978       0.88888888888888884        9.4329976689698329E-003
  0.44117647058820952       0.88888888888888884        2.7684345006005256E-003
  0.47058823529409827       0.88888888888888884       -6.0963612047253840E-003
  0.49999999999998657       0.88888888888888884       -1.0116099764809773E-002
  0.52941176470587947       0.88888888888888884       -6.0963612047310401E-003
  0.55882352941176638       0.88888888888888884        2.7684345005931396E-003
  0.58823529411763942       0.88888888888888884        9.4329976689651318E-003
  0.61764705882351645       0.88888888888888884        8.6009115126636036E-003
  0.64705882352939614       0.88888888888888884        9.3340763407579570E-004
  0.67647058823525241       0.88888888888888884       -7.4759308469167715E-003
  0.70588235294111001       0.88888888888888884       -9.9438581887831175E-003
  0.73529411764698371       0.88888888888888884       -4.5091793744175303E-003
  0.76470588235285852       0.88888888888888884        4.5091793743726478E-003
  0.79411764705873455       0.88888888888888884        9.9438581887740570E-003
  0.82352941176461580       0.88888888888888884        7.4759308469450102E-003
  0.85294117647050094       0.88888888888888884       -9.3340763404320545E-004
  0.88235294117640850       0.88888888888888884       -8.6009115126510355E-003
  0.91176470588230241       0.88888888888888884       -9.4329976689718278E-003
  0.94117647058817544       0.88888888888888884       -2.7684345006109517E-003
  0.97058823529408078       0.88888888888888884        6.0963612047209396E-003
   1.0000000000000000       0.88888888888888884        1.0116099764809757E-002
   0.0000000000000000        1.0000000000000000        1.0130742906905276E-002
   2.9411764705879480E-002   1.0000000000000000        6.1051861790920731E-003
   5.8823529411758661E-002   1.0000000000000000       -2.7724421229113755E-003
   8.8235294117637128E-002   1.0000000000000000       -9.4466521539436736E-003
  0.11764705882351879        1.0000000000000000       -8.6133616759538623E-003
  0.14705882352940258        1.0000000000000000       -9.3475885428464427E-004
  0.17647058823528461        1.0000000000000000        7.4867527050139554E-003
  0.20588235294116583        1.0000000000000000        9.9582520476371051E-003
  0.23529411764704475        1.0000000000000000        4.5157068589019699E-003
  0.26470588235292342        1.0000000000000000       -4.5157068588928860E-003
  0.29411764705880189        1.0000000000000000       -9.9582520476352021E-003
  0.32352941176468109        1.0000000000000000       -7.4867527050212898E-003
  0.35294117647056034        1.0000000000000000        9.3475885427290388E-004
  0.38235294117643759        1.0000000000000000        8.6133616759465799E-003
  0.41176470588231978        1.0000000000000000        9.4466521539486592E-003
  0.44117647058820952        1.0000000000000000        2.7724421229211376E-003
  0.47058823529409827        1.0000000000000000       -6.1051861790863988E-003
  0.49999999999998657        1.0000000000000000       -1.0130742906905268E-002
  0.52941176470587947        1.0000000000000000       -6.1051861790920644E-003
  0.55882352941176638        1.0000000000000000        2.7724421229137395E-003
  0.58823529411763942        1.0000000000000000        9.4466521539439477E-003
  0.61764705882351645        1.0000000000000000        8.6133616759542838E-003
  0.64705882352939614        1.0000000000000000        9.3475885428671054E-004
  0.67647058823525241        1.0000000000000000       -7.4867527050070225E-003
  0.70588235294111001        1.0000000000000000       -9.9582520476403421E-003
  0.73529411764698371        1.0000000000000000       -4.5157068589193449E-003
  0.76470588235285852        1.0000000000000000        4.5157068588744008E-003
  0.79411764705873455        1.0000000000000000        9.9582520476312712E-003
  0.82352941176461580        1.0000000000000000        7.4867527050353046E-003
  0.85294117647050094        1.0000000000000000       -9.3475885425407140E-004
  0.88235294117640850        1.0000000000000000       -8.6133616759416966E-003
  0.91176470588230241        1.0000000000000000       -9.4466521539506541E-003
  0.94117647058817544        1.0000000000000000       -2.7724421229315789E-003
  0.97058823529408078        1.0000000000000000        6.1051861790819483E-003
   1.0000000000000000        1.0000000000000000        1.0130742906905252E-002
