 The number of PDEs is assumed to be            1


THE INPUT IS
kcol =  4, nint0 =   10, npde =   1, tout = 1.0E+00
atol = 1.0E-06, rtol = 1.0E-06,                 LOI
idid=    3
idid > 0 => Successful computation

THE OUTPUT IS
         XOUT                       UOUT
   0.0000000000000000        1.0130742148319933E-002
  0.10000000000000001       -1.0130729034325161E-002
  0.20000000000000001        1.0130753898286909E-002
  0.29999999999999999       -1.0130753898286949E-002
  0.40000000000000002        1.0130729034325155E-002
  0.50000000000000000       -1.0130742148319910E-002
  0.59999999999999998        1.0130729034325180E-002
  0.69999999999999996       -1.0130753898286922E-002
  0.80000000000000004        1.0130753898286929E-002
  0.90000000000000002       -1.0130729034325154E-002
   1.0000000000000000        1.0130742148319912E-002

SPATIAL PARTIAL DERIVATIVE 1
         XOUT                       UOUT
   0.0000000000000000        0.0000000000000000     
  0.10000000000000001        4.1403219140090375E-006
  0.20000000000000001        1.4358682433046610E-006
  0.29999999999999999        1.4358682440762877E-006
  0.40000000000000002        4.1403219142172043E-006
  0.50000000000000000       -3.0670938845448124E-016
  0.59999999999999998       -4.1403219129647340E-006
  0.69999999999999996       -1.4358682447479509E-006
  0.80000000000000004       -1.4358682441307146E-006
  0.90000000000000002       -4.1403219139396485E-006
   1.0000000000000000        0.0000000000000000     
