 The number of PDEs is assumed to be            4


THE INPUT IS
kcol =  4, nint0 =   10, npde =   4, tout = 1.0E+00
atol = 1.0E-06, rtol = 1.0E-06,                 LOI
idid=    3
idid > 0 => Successful computation

THE OUTPUT IS
         XOUT                       UOUT
   0.0000000000000000        1.0398416260401884       0.95980128773439954       0.63001430739714304       0.28911312145654067     
  0.10000000000000001       0.40190225301964150       0.33581837473854770       0.45496792026327681        4.3304324406940931E-002
  0.20000000000000001        5.9243055806528368E-002   3.8225239743069808E-002  0.17332471515561737        7.9273939403440973E-003
  0.29999999999999999        8.3632319571424526E-003   2.2079315712791115E-003   8.6430721123901780E-002   8.0210157874626125E-004
  0.40000000000000002        4.4032211266207466E-003   1.1324325873353816E-004   7.6699783083585715E-002   4.5491998780607192E-005
  0.50000000000000000        4.1256861531586897E-003   5.8211417513811703E-006   7.5943812225640422E-002   2.3602539014514580E-006
  0.59999999999999998        4.1074371159434495E-003   3.0110428981341194E-007   7.5896459192990498E-002   1.2202687196465929E-007
  0.69999999999999996        4.1063865219330342E-003   1.6525440305851622E-008   7.5893712297163879E-002   6.7247937086512250E-009
  0.80000000000000004        4.1063289335106657E-003   5.7527351113867733E-010   7.5893688934369707E-002   2.3066274368700968E-010
  0.90000000000000002        4.1063280139970173E-003   3.1495089791089287E-010   7.5893641789051808E-002   1.3696052463230860E-010
   1.0000000000000000        4.1063259367486813E-003  -4.0816641415255292E-011   7.5893649035919025E-002  -2.1738272069719517E-011

SPATIAL PARTIAL DERIVATIVE 1
         XOUT                       UOUT
   0.0000000000000000       -1.5837395981236568       -1.9871226560053401        1.1368683772161603E-013  -2.2737367544323206E-013
  0.10000000000000001       -5.7816812285934507       -5.3537954754083499       -2.8169084102174411      -0.72071329934937067     
  0.20000000000000001       -1.3252782345297953       -1.0152480837364912       -1.8596260526780031      -0.14633118416195046     
  0.29999999999999999      -0.11229233113568343       -6.5168631669956692E-002 -0.25792538657669528       -2.1691617778692326E-002
  0.40000000000000002       -7.9667570688195140E-003  -3.3556421542512795E-003  -2.1570428164925312E-002  -1.3385071235779056E-003
  0.50000000000000000       -5.3767936934557767E-004  -1.7150733734974200E-004  -1.4747446140948028E-003  -6.9594208315398051E-005
  0.59999999999999998       -3.1592514619226348E-005  -8.6847988618402010E-006  -7.1046862963095037E-005  -3.5287960711287238E-006
  0.69999999999999996       -1.9278454650023764E-006  -4.8751529175531757E-007  -4.3989987553950151E-006  -1.9833374198312051E-007
  0.80000000000000004        2.2842400506902297E-008  -4.6829568085459312E-009   4.5991488394070412E-007  -1.8144425677299094E-009
  0.90000000000000002       -6.4661014164552055E-008  -1.1244061506450516E-008  -7.0032142085452165E-007  -4.5713682128149351E-009
   1.0000000000000000        0.0000000000000000       -1.0339757656912846E-025   0.0000000000000000        5.1698788284564230E-026
