   0.0000000000000000        0.0000000000000000       0.95999999999999996     
   1.6562855422440790E-003   0.0000000000000000       0.95999999999999996     
   3.9072936776047944E-003   0.0000000000000000       0.95999999999999996     
   7.5013933065368596E-003   0.0000000000000000       0.95999999999999996     
   1.4995028041359434E-002   0.0000000000000000       0.95999999999999996     
   2.7667498267959945E-002   0.0000000000000000       0.95999999999999996     
   4.3230600466261690E-002   0.0000000000000000       0.95999999999999996     
   5.8881824064593483E-002   0.0000000000000000       0.95999999999999996     
   7.3724120017648040E-002   0.0000000000000000       0.95999999999999996     
   8.8458395924018801E-002   0.0000000000000000       0.95999999999999996     
   9.4675358797508838E-002   0.0000000000000000       0.95999999999999996     
   9.9052964107175401E-002   0.0000000000000000       0.95999999999999996     
  0.10344471019140551        0.0000000000000000       0.95999999999999996     
  0.10792290201767059        0.0000000000000000       0.95999999999999996     
  0.11449169878681895        0.0000000000000000       0.95999999999999996     
  0.12413226348765831        0.0000000000000000       0.95999999999999996     
  0.15652900885723511        0.0000000000000000       0.95999999999999996     
  0.19541012972910654        0.0000000000000000       0.95999999999999996     
  0.42351794131012277        0.0000000000000000       0.95999999999999996     
   1.0000000000000000        0.0000000000000000       0.95999999999999996     
   0.0000000000000000       0.11111111111111110       0.95855215748592282     
   1.6562855422440790E-003  0.11111111111111110       0.93476296952907934     
   3.9072936776047944E-003  0.11111111111111110       0.90277525341362308     
   7.5013933065368596E-003  0.11111111111111110       0.85231282039305145     
   1.4995028041359434E-002  0.11111111111111110       0.75039646379032687     
   2.7667498267959945E-002  0.11111111111111110       0.59261893028628232     
   4.3230600466261690E-002  0.11111111111111110       0.43008329826130165     
   5.8881824064593483E-002  0.11111111111111110       0.30279447440741353     
   7.3724120017648040E-002  0.11111111111111110       0.21217902475180783     
   8.8458395924018801E-002  0.11111111111111110       0.14593727394274755     
   9.4675358797508838E-002  0.11111111111111110       0.12382025413075635     
   9.9052964107175401E-002  0.11111111111111110       0.11006100146139530     
  0.10344471019140551       0.11111111111111110        9.7816076698026208E-002
  0.10792290201767059       0.11111111111111110        8.7689198743516744E-002
  0.11449169878681895       0.11111111111111110        7.9833610038319680E-002
  0.12413226348765831       0.11111111111111110        7.8350868914570604E-002
  0.15652900885723511       0.11111111111111110        7.8341006183412387E-002
  0.19541012972910654       0.11111111111111110        7.8340324367908484E-002
  0.42351794131012277       0.11111111111111110        7.8340196090640399E-002
   1.0000000000000000       0.11111111111111110        7.8340185789950320E-002
   0.0000000000000000       0.22222222222222221       0.95870350196830345     
   1.8884303163580270E-003  0.22222222222222221       0.93438768744347034     
   4.4685324468723775E-003  0.22222222222222221       0.90137127790110239     
   8.6915938835193263E-003  0.22222222222222221       0.84761744313523046     
   2.0879256795801857E-002  0.22222222222222221       0.69731821813879136     
   3.8460013277062222E-002  0.22222222222222221       0.50416597609018687     
   5.6633994589399779E-002  0.22222222222222221       0.34423949285506972     
   7.5029326451212519E-002  0.22222222222222221       0.22498909640240605     
   9.5148283420145460E-002  0.22222222222222221       0.13655016714990359     
  0.12218541540228121       0.22222222222222221        6.7183005225210174E-002
  0.14900781797601020       0.22222222222222221        3.2409535153483389E-002
  0.16905099216195935       0.22222222222222221        1.8632426693323132E-002
  0.18038068034522325       0.22222222222222221        1.3594739318734519E-002
  0.18922413542490613       0.22222222222222221        1.0618976758805285E-002
  0.19727439230074037       0.22222222222222221        8.4765668280790841E-003
  0.20427121373909640       0.22222222222222221        6.9727085480801587E-003
  0.21157140455186763       0.22222222222222221        5.7155131740870193E-003
  0.22345038717266055       0.22222222222222221        4.4613701647876125E-003
  0.24320105462240924       0.22222222222222221        4.2038114729980435E-003
  0.28684686067572784       0.22222222222222221        4.2050683907014184E-003
  0.42393637989875282       0.22222222222222221        4.2048837213558695E-003
   1.0000000000000000       0.22222222222222221        4.2048554635591125E-003
   0.0000000000000000       0.33333333333333331       0.95886888949967508     
   2.0861879958143821E-003  0.33333333333333331       0.93539355741202468     
   4.9200388040136888E-003  0.33333333333333331       0.90350554104912029     
   9.4843083651509914E-003  0.33333333333333331       0.85192913838883466     
   2.1162553874957281E-002  0.33333333333333331       0.72128504552083950     
   4.0233721385927235E-002  0.33333333333333331       0.52394570197177970     
   6.0855918285892222E-002  0.33333333333333331       0.34856442791140935     
   8.0880196878241425E-002  0.33333333333333331       0.22251900820638174     
  0.10269716038913057       0.33333333333333331       0.13021004459908889     
  0.12939526982146560       0.33333333333333331        6.4494725704891620E-002
  0.15786399212880581       0.33333333333333331        2.9456498955379454E-002
  0.19134181526004695       0.33333333333333331        1.1468159790814626E-002
  0.21416895659121737       0.33333333333333331        5.9996021383184744E-003
  0.23568294127596262       0.33333333333333331        3.2581047108373338E-003
  0.24990704259582414       0.33333333333333331        2.1776772603883622E-003
  0.26105103073795344       0.33333333333333331        1.5897729915357209E-003
  0.27106771390517798       0.33333333333333331        1.1985021517403657E-003
  0.28221178214453096       0.33333333333333331        8.7557162519745111E-004
  0.30822900237777762       0.33333333333333331        4.2314490279953573E-004
  0.33680367413377393       0.33333333333333331        2.2374827537820083E-004
  0.45371337647700205       0.33333333333333331        2.1286801784633027E-004
   1.0000000000000000       0.33333333333333331        2.1291409607327428E-004
   0.0000000000000000       0.44444444444444442       0.95901971474067893     
   2.2967042155248936E-003  0.44444444444444442       0.93657463506939098     
   5.4229669440498647E-003  0.44444444444444442       0.90577755992149966     
   1.0513496618393741E-002  0.44444444444444442       0.85484202901531914     
   2.0454971184371076E-002  0.44444444444444442       0.75455929239788588     
   3.9178967929925840E-002  0.44444444444444442       0.57237562260993491     
   6.2250493657586559E-002  0.44444444444444442       0.37852346961188343     
   8.3475159034441693E-002  0.44444444444444442       0.24221301675647955     
  0.10484334200157347       0.44444444444444442       0.14641133255420066     
  0.12880536682163105       0.44444444444444442        7.9268843687729212E-002
  0.16101154733618772       0.44444444444444442        3.2934185747448580E-002
  0.18890407125342473       0.44444444444444442        1.4967497400008009E-002
  0.21837248392222464       0.44444444444444442        6.4227080853225069E-003
  0.24858688671040607       0.44444444444444442        2.6850532706985115E-003
  0.26325704882851758       0.44444444444444442        1.7579839570831630E-003
  0.27732459601994353       0.44444444444444442        1.1717145002964687E-003
  0.29385483992327383       0.44444444444444442        7.2803630448991510E-004
  0.31423304433384791       0.44444444444444442        4.0569604845803369E-004
  0.33375334276487295       0.44444444444444442        2.3203006778028875E-004
  0.38639716846453587       0.44444444444444442        5.2209988116878753E-005
  0.44517565939425430       0.44444444444444442        1.1770886262623405E-005
   1.0000000000000000       0.44444444444444442        1.0735779702784475E-005
   0.0000000000000000       0.55555555555555558       0.95915099441139606     
   2.5666544471310507E-003  0.55555555555555558       0.93736434650211975     
   5.7704684689153362E-003  0.55555555555555558       0.90966302280658462     
   1.0239099637251888E-002  0.55555555555555558       0.86997389346627796     
   1.8439043811238419E-002  0.55555555555555558       0.79549395042618831     
   3.3553517280661062E-002  0.55555555555555558       0.65806393628978888     
   5.3613115322813473E-002  0.55555555555555558       0.48660820251333459     
   7.6478054316749089E-002  0.55555555555555558       0.32147122348664003     
   9.8866049730026773E-002  0.55555555555555558       0.19998849819580555     
  0.12129563965855322       0.55555555555555558       0.11728349369085901     
  0.14706762613033161       0.55555555555555558        6.0153157456469555E-002
  0.17578136212581749       0.55555555555555558        2.7313418133261713E-002
  0.20606697360080090       0.55555555555555558        1.1530863526357332E-002
  0.23802175130199643       0.55555555555555558        4.5696312275491681E-003
  0.26698613149521688       0.55555555555555558        1.9642350783756718E-003
  0.29172919818078558       0.55555555555555558        9.5407475968110802E-004
  0.31918978137638060       0.55555555555555558        4.2843379937312074E-004
  0.35934155525131861       0.55555555555555558        1.3338015393933047E-004
  0.40437740327593991       0.55555555555555558        3.6288854862659829E-005
  0.44546344560787193       0.55555555555555558        1.1205783891041913E-005
  0.72273172280393472       0.55555555555555558        4.9031353766737405E-007
   1.0000000000000000       0.55555555555555558        5.0349876863338446E-007
   0.0000000000000000       0.66666666666666663       0.95926766720176881     
   2.5666544471310507E-003  0.66666666666666663       0.94041211553271187     
   5.7704684689153362E-003  0.66666666666666663       0.91612661587381283     
   1.0239099637251888E-002  0.66666666666666663       0.88072837832902318     
   1.8439043811238419E-002  0.66666666666666663       0.81326662579650599     
   3.3553517280661062E-002  0.66666666666666663       0.68671295018183853     
   5.3613115322813473E-002  0.66666666666666663       0.52446986927600792     
   7.6478054316749089E-002  0.66666666666666663       0.36109209860304925     
   9.8866049730026773E-002  0.66666666666666663       0.23381441214031856     
  0.12129563965855322       0.66666666666666663       0.14196457745555974     
  0.14706762613033161       0.66666666666666663        7.5005719796148243E-002
  0.17578136212581749       0.66666666666666663        3.4750211409932008E-002
  0.20606697360080090       0.66666666666666663        1.4814072155268308E-002
  0.23802175130199643       0.66666666666666663        5.8823436807887448E-003
  0.26698613149521688       0.66666666666666663        2.5218425037940866E-003
  0.29172919818078558       0.66666666666666663        1.2196020091864430E-003
  0.31918978137638060       0.66666666666666663        5.4414224047008304E-004
  0.35934155525131861       0.66666666666666663        1.6738049191118094E-004
  0.40437740327593991       0.66666666666666663        4.4747545590327579E-005
  0.44546344560787193       0.66666666666666663        1.3507570724843565E-005
  0.72273172280393472       0.66666666666666663        7.3656710546684698E-009
   1.0000000000000000       0.66666666666666663        2.7031889058788280E-008
   0.0000000000000000       0.77777777777777779       0.95938305389424994     
   3.9584270218943991E-003  0.77777777777777779       0.93445376069981423     
   7.9251457840529699E-003  0.77777777777777779       0.90738513915830898     
   1.3108010066353360E-002  0.77777777777777779       0.86950293395113931     
   2.1186564794052787E-002  0.77777777777777779       0.80790298945781602     
   3.1617685222214538E-002  0.77777777777777779       0.72681660112075575     
   4.9317608793116877E-002  0.77777777777777779       0.59071216872302090     
   7.1915015603597615E-002  0.77777777777777779       0.42934688401770793     
   9.5200312016506902E-002  0.77777777777777779       0.28849347168576345     
  0.11987572079380128       0.77777777777777779       0.17521340600263158     
  0.14283481303370293       0.77777777777777779       0.10322299159255996     
  0.16677911112464028       0.77777777777777779        5.6313051099389846E-002
  0.19442921569753624       0.77777777777777779        2.6626225531531475E-002
  0.22555435642631044       0.77777777777777779        1.1019018322634820E-002
  0.26352680070068274       0.77777777777777779        3.6502283098656923E-003
  0.30179174512336260       0.77777777777777779        1.1835648809803727E-003
  0.35088215173085058       0.77777777777777779        2.7767317839582034E-004
  0.39483016139631966       0.77777777777777779        7.5902449563792571E-005
  0.43320856843549005       0.77777777777777779        2.4479098932043073E-005
  0.53853471117934015       0.77777777777777779        1.1446458790414943E-006
  0.67705092129028122       0.77777777777777779        5.1894045916850683E-008
   1.0000000000000000       0.77777777777777779        5.8740797807175859E-010
   0.0000000000000000       0.88888888888888884       0.95953484647189868     
   3.9584270218943991E-003  0.88888888888888884       0.94021404313010359     
   7.9251457840529699E-003  0.88888888888888884       0.91734266932503794     
   1.3108010066353360E-002  0.88888888888888884       0.88310426895415806     
   2.1186564794052787E-002  0.88888888888888884       0.82580331706933940     
   3.1617685222214538E-002  0.88888888888888884       0.74962790406445989     
   4.9317608793116877E-002  0.88888888888888884       0.62067368973789150     
   7.1915015603597615E-002  0.88888888888888884       0.46511953229570124     
   9.5200312016506902E-002  0.88888888888888884       0.32469557856930154     
  0.11987572079380128       0.88888888888888884       0.20592152665642216     
  0.14283481303370293       0.88888888888888884       0.12593260358223177     
  0.16677911112464028       0.88888888888888884        7.0909144609827487E-002
  0.19442921569753624       0.88888888888888884        3.4388441254712784E-002
  0.22555435642631044       0.88888888888888884        1.4462042468874173E-002
  0.26352680070068274       0.88888888888888884        4.8278026817700492E-003
  0.30179174512336260       0.88888888888888884        1.5663358288359179E-003
  0.35088215173085058       0.88888888888888884        3.6601706192352181E-004
  0.39483016139631966       0.88888888888888884        9.9432878039351587E-005
  0.43320856843549005       0.88888888888888884        3.1911312504556351E-005
  0.53853471117934015       0.88888888888888884        1.4220960142531788E-006
  0.67705092129028122       0.88888888888888884        2.2974233444456411E-008
   1.0000000000000000       0.88888888888888884       -2.6715067560458358E-011
   0.0000000000000000        1.0000000000000000       0.95980128773439954     
   3.9584270218943991E-003   1.0000000000000000       0.95076064607854360     
   7.9251457840529699E-003   1.0000000000000000       0.93623372310485831     
   1.3108010066353360E-002   1.0000000000000000       0.90773658030486737     
   2.1186564794052787E-002   1.0000000000000000       0.85425867226264840     
   3.1617685222214538E-002   1.0000000000000000       0.78102965562811666     
   4.9317608793116877E-002   1.0000000000000000       0.65548150641219460     
   7.1915015603597615E-002   1.0000000000000000       0.50258631126618214     
   9.5200312016506902E-002   1.0000000000000000       0.36203430617225496     
  0.11987572079380128        1.0000000000000000       0.23886104475462361     
  0.14283481303370293        1.0000000000000000       0.15172355023428374     
  0.16677911112464028        1.0000000000000000        8.8498494594767052E-002
  0.19442921569753624        1.0000000000000000        4.4274012385568141E-002
  0.22555435642631044        1.0000000000000000        1.9029237287269365E-002
  0.26352680070068274        1.0000000000000000        6.4322288898071428E-003
  0.30179174512336260        1.0000000000000000        2.0941834492880320E-003
  0.35088215173085058        1.0000000000000000        4.8870372774589095E-004
  0.39483016139631966        1.0000000000000000        1.3213172181786846E-004
  0.43320856843549005        1.0000000000000000        4.2171414973733436E-005
  0.53853471117934015        1.0000000000000000        1.8541322714952638E-006
  0.67705092129028122        1.0000000000000000        3.1086230319212709E-008
   1.0000000000000000        1.0000000000000000       -4.0816641415255292E-011
