   0.0000000000000000        0.0000000000000000        0.0000000000000000     
   1.6562855422440790E-003   0.0000000000000000        0.0000000000000000     
   3.9072936776047944E-003   0.0000000000000000        0.0000000000000000     
   7.5013933065368596E-003   0.0000000000000000        0.0000000000000000     
   1.4995028041359434E-002   0.0000000000000000        0.0000000000000000     
   2.7667498267959945E-002   0.0000000000000000        0.0000000000000000     
   4.3230600466261690E-002   0.0000000000000000        0.0000000000000000     
   5.8881824064593483E-002   0.0000000000000000        0.0000000000000000     
   7.3724120017648040E-002   0.0000000000000000        0.0000000000000000     
   8.8458395924018801E-002   0.0000000000000000        0.0000000000000000     
   9.4675358797508838E-002   0.0000000000000000        0.0000000000000000     
   9.9052964107175401E-002   0.0000000000000000        0.0000000000000000     
  0.10344471019140551        0.0000000000000000        0.0000000000000000     
  0.10792290201767059        0.0000000000000000        0.0000000000000000     
  0.11449169878681895        0.0000000000000000        0.0000000000000000     
  0.12413226348765831        0.0000000000000000        0.0000000000000000     
  0.15652900885723511        0.0000000000000000        0.0000000000000000     
  0.19541012972910654        0.0000000000000000        0.0000000000000000     
  0.42351794131012277        0.0000000000000000        0.0000000000000000     
   1.0000000000000000        0.0000000000000000        0.0000000000000000     
   0.0000000000000000       0.11111111111111110       0.17966922532110408     
   1.6562855422440790E-003  0.11111111111111110       0.17741875116765915     
   3.9072936776047944E-003  0.11111111111111110       0.17175984477519810     
   7.5013933065368596E-003  0.11111111111111110       0.16244007660013576     
   1.4995028041359434E-002  0.11111111111111110       0.14507469708949294     
   2.7667498267959945E-002  0.11111111111111110       0.12058469154197082     
   4.3230600466261690E-002  0.11111111111111110        9.6079809454211518E-002
   5.8881824064593483E-002  0.11111111111111110        7.5541818800105937E-002
   7.3724120017648040E-002  0.11111111111111110        5.8953875804019167E-002
   8.8458395924018801E-002  0.11111111111111110        4.5420418334497809E-002
   9.4675358797508838E-002  0.11111111111111110        4.0943294436674930E-002
   9.9052964107175401E-002  0.11111111111111110        3.8412217139010461E-002
  0.10344471019140551       0.11111111111111110        3.6512067644347668E-002
  0.10792290201767059       0.11111111111111110        3.5312021247351881E-002
  0.11449169878681895       0.11111111111111110        3.4675265175611807E-002
  0.12413226348765831       0.11111111111111110        3.4598791394573759E-002
  0.15652900885723511       0.11111111111111110        3.4598509213471212E-002
  0.19541012972910654       0.11111111111111110        3.4598483903609076E-002
  0.42351794131012277       0.11111111111111110        3.4598447372296628E-002
   1.0000000000000000       0.11111111111111110        3.4598446335754880E-002
   0.0000000000000000       0.22222222222222221       0.16047647545946203     
   1.8884303163580270E-003  0.22222222222222221       0.15788842111296553     
   4.4685324468723775E-003  0.22222222222222221       0.15143784722082307     
   8.6915938835193263E-003  0.22222222222222221       0.14076788392210934     
   2.0879256795801857E-002  0.22222222222222221       0.11522190676491897     
   3.8460013277062222E-002  0.22222222222222221        8.7918991509205471E-002
   5.6633994589399779E-002  0.22222222222222221        6.6934537256783416E-002
   7.5029326451212519E-002  0.22222222222222221        5.0346537074284319E-002
   9.5148283420145460E-002  0.22222222222222221        3.5899892418477811E-002
  0.12218541540228121       0.22222222222222221        2.1343776171982826E-002
  0.14900781797601020       0.22222222222222221        1.1745009464916738E-002
  0.16905099216195935       0.22222222222222221        7.2181922008977412E-003
  0.18038068034522325       0.22222222222222221        5.4660401400550970E-003
  0.18922413542490613       0.22222222222222221        4.4387523536019080E-003
  0.19727439230074037       0.22222222222222221        3.7355125319599911E-003
  0.20427121373909640       0.22222222222222221        3.2906108892546788E-003
  0.21157140455186763       0.22222222222222221        2.9823837122966595E-003
  0.22345038717266055       0.22222222222222221        2.7761852334984081E-003
  0.24320105462240924       0.22222222222222221        2.7522966113197509E-003
  0.28684686067572784       0.22222222222222221        2.7524340396919691E-003
  0.42393637989875282       0.22222222222222221        2.7523462953958047E-003
   1.0000000000000000       0.22222222222222221        2.7523408959518442E-003
   0.0000000000000000       0.33333333333333331       0.15655128941031918     
   2.0861879958143821E-003  0.33333333333333331       0.15367521336810513     
   4.9200388040136888E-003  0.33333333333333331       0.14645247997802371     
   9.4843083651509914E-003  0.33333333333333331       0.13471668654214766     
   2.1162553874957281E-002  0.33333333333333331       0.10984987700674642     
   4.0233721385927235E-002  0.33333333333333331        8.0529141090139228E-002
   6.0855918285892222E-002  0.33333333333333331        5.8515447958731828E-002
   8.0880196878241425E-002  0.33333333333333331        4.2941434286724200E-002
  0.10269716038913057       0.33333333333333331        3.0061562061971130E-002
  0.12939526982146560       0.33333333333333331        1.8379986399306474E-002
  0.15786399212880581       0.33333333333333331        9.9637028944025968E-003
  0.19134181526004695       0.33333333333333331        4.3627910994098488E-003
  0.21416895659121737       0.33333333333333331        2.3783956033167470E-003
  0.23568294127596262       0.33333333333333331        1.3206271212497446E-003
  0.24990704259582414       0.33333333333333331        8.9185652487159509E-004
  0.26105103073795344       0.33333333333333331        6.5603196324450137E-004
  0.27106771390517798       0.33333333333333331        4.9898523599041500E-004
  0.28221178214453096       0.33333333333333331        3.7049491621221441E-004
  0.30822900237777762       0.33333333333333331        2.0105722721344311E-004
  0.33680367413377393       0.33333333333333331        1.5105154746302094E-004
  0.45371337647700205       0.33333333333333331        1.4989997522776139E-004
   1.0000000000000000       0.33333333333333331        1.4991324214186046E-004
   0.0000000000000000       0.44444444444444442       0.16093464497654300     
   2.2967042155248936E-003  0.44444444444444442       0.15764159002355660     
   5.4229669440498647E-003  0.44444444444444442       0.14919980578634731     
   1.0513496618393741E-002  0.44444444444444442       0.13549112056693285     
   2.0454971184371076E-002  0.44444444444444442       0.11317878937796741     
   3.9178967929925840E-002  0.44444444444444442        8.2276574269241981E-002
   6.2250493657586559E-002  0.44444444444444442        5.6739619294948182E-002
   8.3475159034441693E-002  0.44444444444444442        4.0684452106176813E-002
  0.10484334200157347       0.44444444444444442        2.8918698071192690E-002
  0.12880536682163105       0.44444444444444442        1.9128791681304623E-002
  0.16101154733618772       0.44444444444444442        1.0058799159437458E-002
  0.18890407125342473       0.44444444444444442        5.2540518712683665E-003
  0.21837248392222464       0.44444444444444442        2.4522845471104710E-003
  0.24858688671040607       0.44444444444444442        1.0693076985583091E-003
  0.26325704882851758       0.44444444444444442        7.0799361782665189E-004
  0.27732459601994353       0.44444444444444442        4.7542029323360959E-004
  0.29385483992327383       0.44444444444444442        2.9719898090081113E-004
  0.31423304433384791       0.44444444444444442        1.6645355719486566E-004
  0.33375334276487295       0.44444444444444442        9.5629806585380059E-005
  0.38639716846453587       0.44444444444444442        2.2016999431459705E-005
  0.44517565939425430       0.44444444444444442        7.7118515319848014E-006
   1.0000000000000000       0.44444444444444442        7.5852567647137357E-006
   0.0000000000000000       0.55555555555555558       0.17047128693322369     
   2.5666544471310507E-003  0.55555555555555558       0.16643741730948675     
   5.7704684689153362E-003  0.55555555555555558       0.15690490223124409     
   1.0239099637251888E-002  0.55555555555555558       0.14371842057221829     
   1.8439043811238419E-002  0.55555555555555558       0.12340045864050050     
   3.3553517280661062E-002  0.55555555555555558        9.4607811359603861E-002
   5.3613115322813473E-002  0.55555555555555558        6.7517412349306499E-002
   7.6478054316749089E-002  0.55555555555555558        4.6594083218538362E-002
   9.8866049730026773E-002  0.55555555555555558        3.2618689098583495E-002
  0.12129563965855322       0.55555555555555558        2.2648376047803863E-002
  0.14706762613033161       0.55555555555555558        1.4393218622659631E-002
  0.17578136212581749       0.55555555555555558        8.0745204309668507E-003
  0.20606697360080090       0.55555555555555558        3.9846273506262452E-003
  0.23802175130199643       0.55555555555555558        1.7315529822911800E-003
  0.26698613149521688       0.55555555555555558        7.7540957843558124E-004
  0.29172919818078558       0.55555555555555558        3.8329068092608169E-004
  0.31918978137638060       0.55555555555555558        1.7385557116916282E-004
  0.35934155525131861       0.55555555555555558        5.4510608478803034E-005
  0.40437740327593991       0.55555555555555558        1.4911021478039714E-005
  0.44546344560787193       0.55555555555555558        4.6192368858058905E-006
  0.72273172280393472       0.55555555555555558        3.5958945268322469E-007
   1.0000000000000000       0.55555555555555558        3.5903175035442675E-007
   0.0000000000000000       0.66666666666666663       0.18408052828411414     
   2.5666544471310507E-003  0.66666666666666663       0.17975911857954180     
   5.7704684689153362E-003  0.66666666666666663       0.16891432509702242     
   1.0239099637251888E-002  0.66666666666666663       0.15390626028408347     
   1.8439043811238419E-002  0.66666666666666663       0.13177125380294930     
   3.3553517280661062E-002  0.66666666666666663       0.10097815926190527     
   5.3613115322813473E-002  0.66666666666666663        7.1851611068637633E-002
   7.6478054316749089E-002  0.66666666666666663        4.9211084332578134E-002
   9.8866049730026773E-002  0.66666666666666663        3.4224085286146164E-002
  0.12129563965855322       0.66666666666666663        2.3806256139966123E-002
  0.14706762613033161       0.66666666666666663        1.5419383978969884E-002
  0.17578136212581749       0.66666666666666663        9.0086633876569865E-003
  0.20606697360080090       0.66666666666666663        4.6728832915020665E-003
  0.23802175130199643       0.66666666666666663        2.1154879797143618E-003
  0.26698613149521688       0.66666666666666663        9.6689796127434841E-004
  0.29172919818078558       0.66666666666666663        4.8129126259589079E-004
  0.31918978137638060       0.66666666666666663        2.1833164959048318E-004
  0.35934155525131861       0.66666666666666663        6.7866047717472921E-005
  0.40437740327593991       0.66666666666666663        1.8247371872479076E-005
  0.44546344560787193       0.66666666666666663        5.5244256701102288E-006
  0.72273172280393472       0.66666666666666663        1.0613995052606707E-008
   1.0000000000000000       0.66666666666666663        1.8841105819649676E-008
   0.0000000000000000       0.77777777777777779       0.20270850992556222     
   3.9584270218943991E-003  0.77777777777777779       0.19238144793945583     
   7.9251457840529699E-003  0.77777777777777779       0.17518763247123936     
   1.3108010066353360E-002  0.77777777777777779       0.15657992377501356     
   2.1186564794052787E-002  0.77777777777777779       0.13468332930036575     
   3.1617685222214538E-002  0.77777777777777779       0.11232280911277220     
   4.9317608793116877E-002  0.77777777777777779        8.3307071612427425E-002
   7.1915015603597615E-002  0.77777777777777779        5.7158018699543234E-002
   9.5200312016506902E-002  0.77777777777777779        3.8918608803331513E-002
  0.11987572079380128       0.77777777777777779        2.6008675924992161E-002
  0.14283481303370293       0.77777777777777779        1.7819072482234587E-002
  0.16677911112464028       0.77777777777777779        1.1776856090041778E-002
  0.19442921569753624       0.77777777777777779        6.9340451011178977E-003
  0.22555435642631044       0.77777777777777779        3.4890494317436288E-003
  0.26352680070068274       0.77777777777777779        1.3327595163752440E-003
  0.30179174512336260       0.77777777777777779        4.6136041728749797E-004
  0.35088215173085058       0.77777777777777779        1.1154082525031771E-004
  0.39483016139631966       0.77777777777777779        3.0736978891881818E-005
  0.43320856843549005       0.77777777777777779        9.9546712150401968E-006
  0.53853471117934015       0.77777777777777779        4.4076179717866682E-007
  0.67705092129028122       0.77777777777777779        2.0050630912501159E-008
   1.0000000000000000       0.77777777777777779        5.8305410848210804E-010
   0.0000000000000000       0.88888888888888884       0.23251877074929450     
   3.9584270218943991E-003  0.88888888888888884       0.21883672921927022     
   7.9251457840529699E-003  0.88888888888888884       0.19437939441482890     
   1.3108010066353360E-002  0.88888888888888884       0.16994287684099615     
   2.1186564794052787E-002  0.88888888888888884       0.14522879344522557     
   3.1617685222214538E-002  0.88888888888888884       0.12131274930452428     
   4.9317608793116877E-002  0.88888888888888884        9.0447974991769875E-002
   7.1915015603597615E-002  0.88888888888888884        6.2317887053706812E-002
   9.5200312016506902E-002  0.88888888888888884        4.2381202047701835E-002
  0.11987572079380128       0.88888888888888884        2.8195415221414888E-002
  0.14283481303370293       0.88888888888888884        1.9310441811762002E-002
  0.16677911112464028       0.88888888888888884        1.2899687213937749E-002
  0.19442921569753624       0.88888888888888884        7.8239883717492551E-003
  0.22555435642631044       0.88888888888888884        4.1279688747552345E-003
  0.26352680070068274       0.88888888888888884        1.6626870870166711E-003
  0.30179174512336260       0.88888888888888884        5.9391254411057337E-004
  0.35088215173085058       0.88888888888888884        1.4552941832420235E-004
  0.39483016139631966       0.88888888888888884        4.0086297575776061E-005
  0.43320856843549005       0.88888888888888884        1.2914790472572051E-005
  0.53853471117934015       0.88888888888888884        5.7855740116030618E-007
  0.67705092129028122       0.88888888888888884        8.8850354993384668E-009
   1.0000000000000000       0.88888888888888884        8.3345179586915086E-011
   0.0000000000000000        1.0000000000000000       0.28911312145654067     
   3.9584270218943991E-003   1.0000000000000000       0.27325415561848809     
   7.9251457840529699E-003   1.0000000000000000       0.23491751419948276     
   1.3108010066353360E-002   1.0000000000000000       0.19257539315783934     
   2.1186564794052787E-002   1.0000000000000000       0.16018343273726876     
   3.1617685222214538E-002   1.0000000000000000       0.13327885527851993     
   4.9317608793116877E-002   1.0000000000000000        9.9548178759857650E-002
   7.1915015603597615E-002   1.0000000000000000        6.8886091050230053E-002
   9.5200312016506902E-002   1.0000000000000000        4.6902432691470111E-002
  0.11987572079380128        1.0000000000000000        3.1092760037393165E-002
  0.14283481303370293        1.0000000000000000        2.1214065424498947E-002
  0.16677911112464028        1.0000000000000000        1.4206639988857839E-002
  0.19442921569753624        1.0000000000000000        8.7768464258844957E-003
  0.22555435642631044        1.0000000000000000        4.8195426078149872E-003
  0.26352680070068274        1.0000000000000000        2.0536728931994696E-003
  0.30179174512336260        1.0000000000000000        7.6409753097648808E-004
  0.35088215173085058        1.0000000000000000        1.9156839544238211E-004
  0.39483016139631966        1.0000000000000000        5.2958770470657059E-005
  0.43320856843549005        1.0000000000000000        1.7041732422213406E-005
  0.53853471117934015        1.0000000000000000        7.5105325214970390E-007
  0.67705092129028122        1.0000000000000000        1.2645277496287753E-008
   1.0000000000000000        1.0000000000000000       -2.1738272069719517E-011
