   0.0000000000000000        0.0000000000000000        1.0400000000000000     
   1.6562855422440790E-003   0.0000000000000000        1.0400000000000000     
   3.9072936776047944E-003   0.0000000000000000        1.0400000000000000     
   7.5013933065368596E-003   0.0000000000000000        1.0400000000000000     
   1.4995028041359434E-002   0.0000000000000000        1.0400000000000000     
   2.7667498267959945E-002   0.0000000000000000        1.0400000000000000     
   4.3230600466261690E-002   0.0000000000000000        1.0400000000000000     
   5.8881824064593483E-002   0.0000000000000000        1.0400000000000000     
   7.3724120017648040E-002   0.0000000000000000        1.0400000000000000     
   8.8458395924018801E-002   0.0000000000000000        1.0400000000000000     
   9.4675358797508838E-002   0.0000000000000000        1.0400000000000000     
   9.9052964107175401E-002   0.0000000000000000        1.0400000000000000     
  0.10344471019140551        0.0000000000000000        1.0400000000000000     
  0.10792290201767059        0.0000000000000000        1.0400000000000000     
  0.11449169878681895        0.0000000000000000        1.0400000000000000     
  0.12413226348765831        0.0000000000000000        1.0400000000000000     
  0.15652900885723511        0.0000000000000000        1.0400000000000000     
  0.19541012972910654        0.0000000000000000        1.0400000000000000     
  0.42351794131012277        0.0000000000000000        1.0400000000000000     
   1.0000000000000000        0.0000000000000000        1.0400000000000000     
   0.0000000000000000       0.11111111111111110        1.0384543544571831     
   1.6562855422440790E-003  0.11111111111111110        1.0130539737237529     
   3.9072936776047944E-003  0.11111111111111110       0.97888008522928827     
   7.5013933065368596E-003  0.11111111111111110       0.92491470991593472     
   1.4995028041359434E-002  0.11111111111111110       0.81571801624618656     
   2.7667498267959945E-002  0.11111111111111110       0.64613115657939546     
   4.3230600466261690E-002  0.11111111111111110       0.47073244694184357     
   5.8881824064593483E-002  0.11111111111111110       0.33285191910590373     
   7.3724120017648040E-002  0.11111111111111110       0.23441065532276772     
   8.8458395924018801E-002  0.11111111111111110       0.16231304696077936     
   9.4675358797508838E-002  0.11111111111111110       0.13822832184302836     
   9.9052964107175401E-002  0.11111111111111110       0.12324919026972798     
  0.10344471019140551       0.11111111111111110       0.10992715271568582     
  0.10792290201767059       0.11111111111111110        9.8919493554980809E-002
  0.11449169878681895       0.11111111111111110        9.0389116528335492E-002
  0.12413226348765831       0.11111111111111110        8.8780314665409532E-002
  0.15652900885723511       0.11111111111111110        8.8769620914151109E-002
  0.19541012972910654       0.11111111111111110        8.8768879336675238E-002
  0.42351794131012277       0.11111111111111110        8.8768741258210465E-002
   1.0000000000000000       0.11111111111111110        8.8768729895488799E-002
   0.0000000000000000       0.22222222222222221        1.0386317137053982     
   1.8884303163580270E-003  0.22222222222222221        1.0129629076708069     
   4.4685324468723775E-003  0.22222222222222221       0.97807639602967544     
   8.6915938835193263E-003  0.22222222222222221       0.92118302156500553     
   2.0879256795801857E-002  0.22222222222222221       0.76146370673970498     
   3.8460013277062222E-002  0.22222222222222221       0.55473563418735250     
   5.6633994589399779E-002  0.22222222222222221       0.38214092118626775     
   7.5029326451212519E-002  0.22222222222222221       0.25240826588663923     
   9.5148283420145460E-002  0.22222222222222221       0.15545404535955493     
  0.12218541540228121       0.22222222222222221        7.8807866378592398E-002
  0.14900781797601020       0.22222222222222221        4.0121223234140288E-002
  0.16905099216195935       0.22222222222222221        2.4743557859048741E-002
  0.18038068034522325       0.22222222222222221        1.9119700293859360E-002
  0.18922413542490613       0.22222222222222221        1.5801353350400726E-002
  0.19727439230074037       0.22222222222222221        1.3416934329229226E-002
  0.20427121373909640       0.22222222222222221        1.1748023812827874E-002
  0.21157140455186763       0.22222222222222221        1.0358583236667180E-002
  0.22345038717266055       0.22222222222222221        8.9813983249148362E-003
  0.24320105462240924       0.22222222222222221        8.7001759901693190E-003
  0.28684686067572784       0.22222222222222221        8.7015529693389663E-003
  0.42393637989875282       0.22222222222222221        8.7013518228164222E-003
   1.0000000000000000       0.22222222222222221        8.7013205472313924E-003
   0.0000000000000000       0.33333333333333331        1.0388206592771194     
   2.0861879958143821E-003  0.33333333333333331        1.0143353115661511     
   4.9200388040136888E-003  0.33333333333333331       0.98102899709521652     
   9.4843083651509914E-003  0.33333333333333331       0.92703165514188313     
   2.1162553874957281E-002  0.33333333333333331       0.78955861308188080     
   4.0233721385927235E-002  0.33333333333333331       0.57988810659032475     
   6.0855918285892222E-002  0.33333333333333331       0.39117066180302140     
   8.0880196878241425E-002  0.33333333333333331       0.25375733629799363     
  0.10269716038913057       0.33333333333333331       0.15178840164239452     
  0.12939526982146560       0.33333333333333331        7.8131735971392474E-002
  0.15786399212880581       0.33333333333333331        3.8246212435747606E-002
  0.19134181526004695       0.33333333333333331        1.7472236988718054E-002
  0.21416895659121737       0.33333333333333331        1.1093448972711126E-002
  0.23568294127596262       0.33333333333333331        7.8837038821187901E-003
  0.24990704259582414       0.33333333333333331        6.6184303025061241E-003
  0.26105103073795344       0.33333333333333331        5.9309834020603892E-003
  0.27106771390517798       0.33333333333333331        5.4746093776831348E-003
  0.28221178214453096       0.33333333333333331        5.0993020839192361E-003
  0.30822900237777762       0.33333333333333331        4.5782350040501681E-003
  0.33680367413377393       0.33333333333333331        4.3540011631678296E-003
  0.45371337647700205       0.33333333333333331        4.3420334016965514E-003
   1.0000000000000000       0.33333333333333331        4.3420835532864497E-003
   0.0000000000000000       0.44444444444444442        1.0389906923807855     
   2.2967042155248936E-003  0.44444444444444442        1.0158690328417266     
   5.4229669440498647E-003  0.44444444444444442       0.98407973996842080     
   1.0513496618393741E-002  0.44444444444444442       0.93133259651365863     
   2.0454971184371076E-002  0.44444444444444442       0.82691091839243902     
   3.9178967929925840E-002  0.44444444444444442       0.63519431509402891     
   6.2250493657586559E-002  0.44444444444444442       0.42788479960521053     
   8.3475159034441693E-002  0.44444444444444442       0.27946222313582275     
  0.10484334200157347       0.44444444444444442       0.17327125582784303     
  0.12880536682163105       0.44444444444444442        9.7402813753706907E-002
  0.16101154733618772       0.44444444444444442        4.3804682728925161E-002
  0.18890407125342473       0.44444444444444442        2.2476468954930474E-002
  0.21837248392222464       0.44444444444444442        1.2104680263904634E-002
  0.24858688671040607       0.44444444444444442        7.4781646067894302E-003
  0.26325704882851758       0.44444444444444442        6.3166759741352056E-003
  0.27732459601994353       0.44444444444444442        5.5784836035395165E-003
  0.29385483992327383       0.44444444444444442        5.0180021231181361E-003
  0.31423304433384791       0.44444444444444442        4.6103621970376603E-003
  0.33375334276487295       0.44444444444444442        4.3913454754402970E-003
  0.38639716846453587       0.44444444444444442        4.1674773516740676E-003
  0.44517565939425430       0.44444444444444442        4.1194962368935979E-003
   1.0000000000000000       0.44444444444444442        4.1183418917526606E-003
   0.0000000000000000       0.55555555555555558        1.0391370548051004     
   2.5666544471310507E-003  0.55555555555555558        1.0169755924323640     
   5.7704684689153362E-003  0.55555555555555558       0.98871731606754443     
   1.0239099637251888E-002  0.55555555555555558       0.94807669208206635     
   1.8439043811238419E-002  0.55555555555555558       0.87141181253013611     
   3.3553517280661062E-002  0.55555555555555558       0.72863879904735096     
   5.3613115322813473E-002  0.55555555555555558       0.54786468547620437     
   7.6478054316749089E-002  0.55555555555555558       0.37031787668017435     
   9.8866049730026773E-002  0.55555555555555558       0.23677372061497418     
  0.12129563965855322       0.55555555555555558       0.14371351456189557     
  0.14706762613033161       0.55555555555555558        7.7730798522614081E-002
  0.17578136212581749       0.55555555555555558        3.8614165895897293E-002
  0.20606697360080090       0.55555555555555558        1.9153643759755014E-002
  0.23802175130199643       0.55555555555555558        1.0254068861456430E-002
  0.26698613149521688       0.55555555555555558        6.8084255260704683E-003
  0.29172919818078558       0.55555555555555558        5.4368494435261695E-003
  0.31918978137638060       0.55555555555555558        4.7087279963866930E-003
  0.35934155525131861       0.55555555555555558        4.2932874077658782E-003
  0.40437740327593991       0.55555555555555558        4.1558634837991840E-003
  0.44546344560787193       0.55555555555555558        4.1209460979762490E-003
  0.72273172280393472       0.55555555555555558        4.1068773432798942E-003
   1.0000000000000000       0.55555555555555558        4.1068944825016973E-003
   0.0000000000000000       0.66666666666666663        1.0392656640202136     
   2.5666544471310507E-003  0.66666666666666663        1.0203390338083715     
   5.7704684689153362E-003  0.66666666666666663       0.99586481936184490     
   1.0239099637251888E-002  0.66666666666666663       0.96001034341884672     
   1.8439043811238419E-002  0.66666666666666663       0.89127200923791827     
   3.3553517280661062E-002  0.66666666666666663       0.76110005233646993     
   5.3613115322813473E-002  0.66666666666666663       0.59165534391732533     
   7.6478054316749089E-002  0.66666666666666663       0.41741596157700700     
   9.8866049730026773E-002  0.66666666666666663       0.27828691323672483     
  0.12129563965855322       0.66666666666666663       0.17517146854047089     
  0.14706762613033161       0.66666666666666663        9.7660588370125923E-002
  0.17578136212581749       0.66666666666666663        4.9291110059023251E-002
  0.20606697360080090       0.66666666666666663        2.4271415974247333E-002
  0.23802175130199643       0.66666666666666663        1.2507549870663451E-002
  0.26698613149521688       0.66666666666666663        7.8588673467624905E-003
  0.29172919818078558       0.66666666666666663        5.9793088829135791E-003
  0.31918978137638060       0.66666666666666663        4.9672312614879432E-003
  0.35934155525131861       0.66666666666666663        4.3793674200033337E-003
  0.40437740327593991       0.66666666666666663        4.1802006513982273E-003
  0.44546344560787193       0.66666666666666663        4.1283319101230037E-003
  0.72273172280393472       0.66666666666666663        4.1063272873108217E-003
   1.0000000000000000       0.66666666666666663        4.1063568479647655E-003
   0.0000000000000000       0.77777777777777779        1.0393913779657660     
   3.9584270218943991E-003  0.77777777777777779        1.0147225872513614     
   7.9251457840529699E-003  0.77777777777777779       0.98769716903376148     
   1.3108010066353360E-002  0.77777777777777779       0.94959816744025227     
   2.1186564794052787E-002  0.77777777777777779       0.88725861294054909     
   3.1617685222214538E-002  0.77777777777777779       0.80460101903597003     
   4.9317608793116877E-002  0.77777777777777779       0.66422169515038076     
   7.1915015603597615E-002  0.77777777777777779       0.49453907094607941     
   9.5200312016506902E-002  0.77777777777777779       0.34256780975953260     
  0.11987572079380128       0.77777777777777779       0.21655202289078823     
  0.14283481303370293       0.77777777777777779       0.13370209072641664     
  0.16677911112464028       0.77777777777777779        7.7715661262619362E-002
  0.19442921569753624       0.77777777777777779        4.0724056646165949E-002
  0.22555435642631044       0.77777777777777779        2.0211936937232715E-002
  0.26352680070068274       0.77777777777777779        9.8639000775518175E-003
  0.30179174512336260       0.77777777777777779        6.1171442967325532E-003
  0.35088215173085058       0.77777777777777779        4.6194584402281334E-003
  0.39483016139631966       0.77777777777777779        4.2548878455364435E-003
  0.43320856843549005       0.77777777777777779        4.1558190448092195E-003
  0.53853471117934015       0.77777777777777779        4.1085494681217388E-003
  0.67705092129028122       0.77777777777777779        4.1064159340013394E-003
   1.0000000000000000       0.77777777777777779        4.1063262108103375E-003
   0.0000000000000000       0.88888888888888884        1.0395552407058251     
   3.9584270218943991E-003  0.88888888888888884        1.0209494019799044     
   7.9251457840529699E-003  0.88888888888888884       0.99847979011226484     
   1.3108010066353360E-002  0.88888888888888884       0.96437152223585931     
   2.1186564794052787E-002  0.88888888888888884       0.90682759305882676     
   3.1617685222214538E-002  0.88888888888888884       0.82979200795767527     
   4.9317608793116877E-002  0.88888888888888884       0.69796685890888266     
   7.1915015603597615E-002  0.88888888888888884       0.53600732943257989     
   9.5200312016506902E-002  0.88888888888888884       0.38600086737612838     
  0.11987572079380128       0.88888888888888884       0.25500253020918029     
  0.14283481303370293       0.88888888888888884       0.16349907296836569     
  0.16677911112464028       0.88888888888888884        9.7990405797023727E-002
  0.19442921569753624       0.88888888888888884        5.2368828875518164E-002
  0.22555435642631044       0.88888888888888884        2.5924740412431806E-002
  0.26352680070068274       0.88888888888888884        1.2112443349460759E-002
  0.30179174512336260       0.88888888888888884        6.9707775873796996E-003
  0.35088215173085058       0.88888888888888884        4.8619097155439637E-003
  0.39483016139631966       0.88888888888888884        4.3324635854421045E-003
  0.43320856843549005       0.88888888888888884        4.1841617916604183E-003
  0.53853471117934015       0.88888888888888884        4.1101172323047552E-003
  0.67705092129028122       0.88888888888888884        4.1063873011073755E-003
   1.0000000000000000       0.88888888888888884        4.1063260530365625E-003
   0.0000000000000000        1.0000000000000000        1.0398416260401884     
   3.9584270218943991E-003   1.0000000000000000        1.0323019168196774     
   7.9251457840529699E-003   1.0000000000000000        1.0188435542599124     
   1.3108010066353360E-002   1.0000000000000000       0.99096246417790024     
   2.1186564794052787E-002   1.0000000000000000       0.93764393876312169     
   3.1617685222214538E-002   1.0000000000000000       0.86402162775178493     
   4.9317608793116877E-002   1.0000000000000000       0.73653094490931370     
   7.1915015603597615E-002   1.0000000000000000       0.57871211727595795     
   9.5200312016506902E-002   1.0000000000000000       0.43011987931273621     
  0.11987572079380128        1.0000000000000000       0.29570895040414935     
  0.14283481303370293        1.0000000000000000       0.19695421783340045     
  0.16677911112464028        1.0000000000000000       0.12218513229982736     
  0.19442921569753624        1.0000000000000000        6.7086488581138665E-002
  0.22555435642631044        1.0000000000000000        3.3473973246844382E-002
  0.26352680070068274        1.0000000000000000        1.5187667850324091E-002
  0.30179174512336260        1.0000000000000000        8.1666862030979406E-003
  0.35088215173085058        1.0000000000000000        5.2115279149170871E-003
  0.39483016139631966        1.0000000000000000        4.4475258190658628E-003
  0.43320856843549005        1.0000000000000000        4.2273834465844781E-003
  0.53853471117934015        1.0000000000000000        4.1128545086854557E-003
  0.67705092129028122        1.0000000000000000        4.1064451521609195E-003
   1.0000000000000000        1.0000000000000000        4.1063259367486813E-003
