 The number of PDEs is assumed to be            1


THE INPUT IS
kcol =  4, nint0 =   10, npde =   1, tout = 1.0E+00
atol = 1.0E-06, rtol = 1.0E-06,                 LOI
idid=    3
idid > 0 => Successful computation

THE OUTPUT IS
         XOUT                       UOUT
   0.0000000000000000        0.0000000000000000     
  0.10000000000000001        1.5395646276885890     
  0.20000000000000001        1.6781487503882189     
  0.29999999999999999        1.7592266179237614     
  0.40000000000000002        1.8167554556049508     
  0.50000000000000000        1.8613796552205046     
  0.59999999999999998        1.8978409312282074     
  0.69999999999999996        1.9286688837975099     
  0.80000000000000004        1.9553735665667928     
  0.90000000000000002        1.9789288902306326     
   1.0000000000000000        2.0000000000000000     

SPATIAL PARTIAL DERIVATIVE 1
         XOUT                       UOUT
   0.0000000000000000        4405.1020334049072     
  0.10000000000000001        1.9990975964330104     
  0.20000000000000001       0.99976883025905039     
  0.29999999999999999       0.66656279025392939     
  0.40000000000000002       0.49994162627295113     
  0.50000000000000000       0.39996275627006861     
  0.59999999999999998       0.33330732340087010     
  0.69999999999999996       0.28569608266379198     
  0.80000000000000004       0.24998627170479609     
  0.90000000000000002       0.22221126287159310     
   1.0000000000000000       0.19999092002241525     
