   0.0000000000000000        0.0000000000000000        1.0000000000000000     
  0.18839524171743982        0.0000000000000000       0.99999999999995803     
  0.26752163029265585        0.0000000000000000        1.5673220794609755E-004
  0.28065056716197728        0.0000000000000000        2.2096007629146541E-007
  0.28663418544749913        0.0000000000000000        1.1091434048982052E-008
  0.29055732789808142        0.0000000000000000        1.5598690672469218E-009
  0.29345795087837179        0.0000000000000000        3.6578495787864540E-010
  0.29582397467457427        0.0000000000000000        1.1205991690133033E-010
  0.29825153892859463        0.0000000000000000        3.3289815348780394E-011
  0.30040454386385151        0.0000000000000000        1.1344702954829700E-011
  0.30179683346595682        0.0000000000000000        5.6553650651380849E-012
  0.30314360032541066        0.0000000000000000        2.8841373733712317E-012
  0.30455443549368955        0.0000000000000000        1.4244716517453071E-012
  0.30570822480231996        0.0000000000000000        8.0002671154488780E-013
  0.30694276667805670        0.0000000000000000        4.3154368967179835E-013
  0.30812854407517620        0.0000000000000000        2.3853141684071488E-013
  0.30936977195256449        0.0000000000000000        1.2823075934420558E-013
  0.31120222050987245        0.0000000000000000        5.1292303737682232E-014
  0.31315315767416851        0.0000000000000000        1.9317880628477724E-014
  0.31507574173337227        0.0000000000000000        7.3829831137572910E-015
  0.31731377204440758        0.0000000000000000        2.4424906541753444E-015
  0.32007974279616408        0.0000000000000000        6.1062266354383610E-016
  0.32413278888019087        0.0000000000000000        5.5511151231257827E-017
  0.33192473412930729        0.0000000000000000        0.0000000000000000     
  0.34372803986655176        0.0000000000000000        0.0000000000000000     
  0.39090793179628613        0.0000000000000000        0.0000000000000000     
  0.49020411763188737        0.0000000000000000        0.0000000000000000     
  0.62377570621370371        0.0000000000000000        0.0000000000000000     
   1.0000000000000000        0.0000000000000000        0.0000000000000000     
   0.0000000000000000       0.11111111111111110        1.0000000000000000     
  0.18839524171743982       0.11111111111111110       0.99999994870334685     
  0.26752163029265585       0.11111111111111110        1.0000003484440660     
  0.28065056716197728       0.11111111111111110       0.99999625738859765     
  0.28663418544749913       0.11111111111111110       0.99992220410391619     
  0.29055732789808142       0.11111111111111110       0.99944671852334177     
  0.29345795087837179       0.11111111111111110       0.99764481383840109     
  0.29582397467457427       0.11111111111111110       0.99235312185695990     
  0.29825153892859463       0.11111111111111110       0.97471677594588435     
  0.30040454386385151       0.11111111111111110       0.92926808439039854     
  0.30179683346595682       0.11111111111111110       0.86753700616221241     
  0.30314360032541066       0.11111111111111110       0.76958577132963735     
  0.30455443549368955       0.11111111111111110       0.62259082376408059     
  0.30570822480231996       0.11111111111111110       0.48092569246105310     
  0.30694276667805670       0.11111111111111110       0.33323126567089589     
  0.30812854407517620       0.11111111111111110       0.21644641383683993     
  0.30936977195256449       0.11111111111111110       0.12930580806681299     
  0.31120222050987245       0.11111111111111110        5.6076290015174335E-002
  0.31315315767416851       0.11111111111111110        2.1907253273184886E-002
  0.31507574173337227       0.11111111111111110        8.4925722258752789E-003
  0.31731377204440758       0.11111111111111110        2.7900582644208071E-003
  0.32007974279616408       0.11111111111111110        7.0187587499771526E-004
  0.32413278888019087       0.11111111111111110        9.3012640489003939E-005
  0.33192473412930729       0.11111111111111110        3.5128891719007370E-006
  0.34372803986655176       0.11111111111111110        8.7984234023102018E-007
  0.39090793179628613       0.11111111111111110       -5.3855684300089813E-007
  0.49020411763188737       0.11111111111111110       -2.0949202603166508E-007
  0.62377570621370371       0.11111111111111110        5.4335590079960141E-008
   1.0000000000000000       0.11111111111111110       -2.6725605849903603E-026
   0.0000000000000000       0.22222222222222221        1.0000000000000000     
  0.23806954855023610       0.22222222222222221       0.99999996699695881     
  0.31273664025550374       0.22222222222222221        1.0000000221470406     
  0.33408626404458702       0.22222222222222221       0.99999868687359816     
  0.34118265377695645       0.22222222222222221       0.99995295146863605     
  0.34548842879327046       0.22222222222222221       0.99959512225273739     
  0.34856996329444401       0.22222222222222221       0.99811256353145783     
  0.35114690325811487       0.22222222222222221       0.99318737524157275     
  0.35388899987368311       0.22222222222222221       0.97368829555119651     
  0.35555185005400636       0.22222222222222221       0.94156598528516033     
  0.35700940828691913       0.22222222222222221       0.88603504852425652     
  0.35841321513353980       0.22222222222222221       0.79396018170667837     
  0.35966280082156521       0.22222222222222221       0.67352534644195350     
  0.36086411607012092       0.22222222222222221       0.53083982909989735     
  0.36211784306986700       0.22222222222222221       0.37675382675375663     
  0.36344069993802169       0.22222222222222221       0.23779952551706812     
  0.36505097107356632       0.22222222222222221       0.12239735307302524     
  0.36693447244287114       0.22222222222222221        5.1579360664429211E-002
  0.36902433492499781       0.22222222222222221        1.8768650568232313E-002
  0.37137983828885118       0.22222222222222221        5.8559869100916120E-003
  0.37421580686542633       0.22222222222222221        1.4244042748051381E-003
  0.37793312057442513       0.22222222222222221        2.2192405141735190E-004
  0.38585357052466446       0.22222222222222221        3.9493473069049386E-006
  0.39466751645066034       0.22222222222222221       -6.4987089721632926E-007
  0.45297117694188083       0.22222222222222221        1.6180118135083223E-007
  0.64394458881851657       0.22222222222222221        7.5112316486417682E-008
   1.0000000000000000       0.22222222222222221       -6.0023644264423061E-029
   0.0000000000000000       0.33333333333333331        1.0000000000000000     
  0.24119300636765409       0.33333333333333331        1.0000000424331978     
  0.36456377732139339       0.33333333333333331        1.0000000139376546     
  0.38590399263697472       0.33333333333333331       0.99999963456569774     
  0.39353726218983648       0.33333333333333331       0.99999047785033590     
  0.39819158357882239       0.33333333333333331       0.99990273435124233     
  0.40133173668533589       0.33333333333333331       0.99953248563736241     
  0.40387784293770163       0.33333333333333331       0.99833199886239843     
  0.40642338208972784       0.33333333333333331       0.99406928080636203     
  0.40832042329637275       0.33333333333333331       0.98482977638850611     
  0.40980546318103700       0.33333333333333331       0.96864766405037850     
  0.41171003995519689       0.33333333333333331       0.92260805696461001     
  0.41294477275002389       0.33333333333333331       0.86540813795323246     
  0.41423292992325522       0.33333333333333331       0.77151312129547089     
  0.41551202844886503       0.33333333333333331       0.64045189676903458     
  0.41686346064494451       0.33333333333333331       0.47542244164913761     
  0.41839451255796711       0.33333333333333331       0.29652191307032705     
  0.42068106494451979       0.33333333333333331       0.11844971614210825     
  0.42274873682619668       0.33333333333333331        4.5606302532486986E-002
  0.42524673148242842       0.33333333333333331        1.3519306045038855E-002
  0.42833012105182833       0.33333333333333331        2.9245030363635044E-003
  0.43265642820596034       0.33333333333333331        3.3702910231437087E-004
  0.44154783003938358       0.33333333333333331        4.1565375837855786E-006
  0.45231451774483461       0.33333333333333331        1.2190001937370923E-007
  0.49914485315598206       0.33333333333333331       -2.2193417461167316E-009
  0.64277688166453550       0.33333333333333331        7.2989474829623778E-008
   1.0000000000000000       0.33333333333333331       -3.2143195497932687E-031
   0.0000000000000000       0.44444444444444442        1.0000000000000000     
  0.28135424524858083       0.44444444444444442        1.0000000333526284     
  0.42993714495388746       0.44444444444444442       0.99999977570283505     
  0.44678654591181960       0.44444444444444442       0.99999714978414123     
  0.45303300399679980       0.44444444444444442       0.99993200664113790     
  0.45715222091384000       0.44444444444444442       0.99946630977741335     
  0.46005379796901957       0.44444444444444442       0.99772662354307129     
  0.46242587766678239       0.44444444444444442       0.99259478665743228     
  0.46518807788570699       0.44444444444444442       0.97116903813448263     
  0.46687683413314607       0.44444444444444442       0.93539614708907837     
  0.46827655721775635       0.44444444444444442       0.87791714708242763     
  0.46965135344690190       0.44444444444444442       0.78337805302898289     
  0.47091256383178864       0.44444444444444442       0.65810300425100865     
  0.47216455991574791       0.44444444444444442       0.50720955448927463     
  0.47367623556291527       0.44444444444444442       0.32584995750306600     
  0.47499666791079992       0.44444444444444442       0.19984898184008965     
  0.47657684927141047       0.44444444444444442       0.10180567950900776     
  0.47880871126077734       0.44444444444444442        3.5804531653896507E-002
  0.48073262746422701       0.44444444444444442        1.3992467238383120E-002
  0.48305033916322643       0.44444444444444442        4.4342914434578589E-003
  0.48579721578709750       0.44444444444444442        1.1269103786375003E-003
  0.48924663383906980       0.44444444444444442        2.0102139240349529E-004
  0.49629945427921301       0.44444444444444442        6.5133837107764511E-006
  0.50335227471935629       0.44444444444444442        5.6367693786978666E-008
  0.54107022233365787       0.44444444444444442       -1.7244193097019004E-007
  0.66228811650345154       0.44444444444444442        9.0857548799048141E-008
   1.0000000000000000       0.44444444444444442       -3.1941501494017373E-026
   0.0000000000000000       0.55555555555555558        1.0000000000000000     
  0.29278958386784254       0.55555555555555558       0.99999999068523260     
  0.44906660970515744       0.55555555555555558       0.99999990223829771     
  0.49029261586927875       0.55555555555555558        1.0000000243665992     
  0.50190359093509473       0.55555555555555558       0.99999764254138257     
  0.50727317696787944       0.55555555555555558       0.99996479213741241     
  0.51088546006353885       0.55555555555555558       0.99978538194182565     
  0.51364262115797499       0.55555555555555558       0.99914847168605947     
  0.51613420530373089       0.55555555555555558       0.99704648634879822     
  0.51849887580245757       0.55555555555555558       0.99042962387940725     
  0.52000942090260849       0.55555555555555558       0.97985003349016497     
  0.52145556482927113       0.55555555555555558       0.95934475259023810     
  0.52285131224287218       0.55555555555555558       0.92152479064380821     
  0.52401906393214981       0.55555555555555558       0.86753844102277222     
  0.52521877247863080       0.55555555555555558       0.78236592148507345     
  0.52648410170864335       0.55555555555555558       0.65629878660207730     
  0.52791565148088782       0.55555555555555558       0.48277534137014216     
  0.52951191790248875       0.55555555555555558       0.29586656384216731     
  0.53150805211940411       0.55555555555555558       0.13410584564975536     
  0.53371551515187898       0.55555555555555558        4.8852021733102297E-002
  0.53602542340108383       0.55555555555555558        1.5924512287051541E-002
  0.53918673334685618       0.55555555555555558        3.3196189880078850E-003
  0.54375397262420622       0.55555555555555558        3.3914829202075231E-004
  0.55128148102045638       0.55555555555555558        8.4197142614713933E-006
  0.58264029682781060       0.55555555555555558       -1.8819677990557205E-007
  0.68440702131533726       0.55555555555555558        1.1821498891655224E-007
   1.0000000000000000       0.55555555555555558        4.0769248463962926E-027
   0.0000000000000000       0.66666666666666663        1.0000000000000000     
  0.40639872813201355       0.66666666666666663        1.0000000600603691     
  0.52762751021685017       0.66666666666666663        1.0000000616780611     
  0.55757526349468234       0.66666666666666663       0.99999713751922537     
  0.56557660106395613       0.66666666666666663       0.99986034657803757     
  0.57027473025002595       0.66666666666666663       0.99854180532805481     
  0.57361294768252058       0.66666666666666663       0.99231044245116762     
  0.57643207068439217       0.66666666666666663       0.96924998084430114     
  0.57880582666872382       0.66666666666666663       0.90582988272773635     
  0.58053755326795076       0.66666666666666663       0.80184848429323408     
  0.58251909244560951       0.66666666666666663       0.60039793762055083     
  0.58391001119767205       0.66666666666666663       0.42841098488671525     
  0.58564875860977372       0.66666666666666663       0.23908238313728564     
  0.58723413303009964       0.66666666666666663       0.12451026460050540     
  0.58908722583356088       0.66666666666666663        5.3301744064035012E-002
  0.59109620414469111       0.66666666666666663        2.0204324298058927E-002
  0.59360061396797059       0.66666666666666663        5.8602262481647722E-003
  0.59653632948748447       0.66666666666666663        1.3563552217287587E-003
  0.60068352182569507       0.66666666666666663        1.7054631789480642E-004
  0.60779048739246011       0.66666666666666663        4.3125685515535241E-006
  0.62302004002444600       0.66666666666666663       -5.8140031760881450E-007
  0.69269863524621000       0.66666666666666663        3.4331723852668423E-008
   1.0000000000000000       0.66666666666666663        0.0000000000000000     
   0.0000000000000000       0.77777777777777779        1.0000000000000000     
  0.42907377415989151       0.77777777777777779        1.0000001335872022     
  0.56625490812387191       0.77777777777777779        1.0000005640678629     
  0.60716086531633184       0.77777777777777779       0.99999937684046902     
  0.61738431926839388       0.77777777777777779       0.99997831815116034     
  0.62271793664041963       0.77777777777777779       0.99969192330822954     
  0.62625944573378212       0.77777777777777779       0.99819360715635375     
  0.62919388842406065       0.77777777777777779       0.99221296146804849     
  0.63185159206896635       0.77777777777777779       0.97121333668056220     
  0.63361528365120734       0.77777777777777779       0.93319196302951668     
  0.63526022800825510       0.77777777777777779       0.85988314571010527     
  0.63677424981264641       0.77777777777777779       0.74217736222076525     
  0.63824159521200197       0.77777777777777779       0.58021309449824865     
  0.63970366670368350       0.77777777777777779       0.39953844208542133     
  0.64125287881253590       0.77777777777777779       0.23469304692403142     
  0.64339132221486639       0.77777777777777779        9.5244206923927904E-002
  0.64569027673302937       0.77777777777777779        3.2273960320964919E-002
  0.64821715189757012       0.77777777777777779        9.3395150159424536E-003
  0.65137791907470066       0.77777777777777779        1.9370921494885672E-003
  0.65648718413173046       0.77777777777777779        1.5050551435036742E-004
  0.66516049173953251       0.77777777777777779        1.6694173671602083E-006
  0.68597810914751067       0.77777777777777779        4.7298895645225887E-007
  0.73948162075810986       0.77777777777777779        1.0480037818588266E-007
   1.0000000000000000       0.77777777777777779       -7.0444223642152465E-029
   0.0000000000000000       0.88888888888888884        1.0000000000000000     
  0.39995281547653438       0.88888888888888884       0.99999996863372553     
  0.61516888690021909       0.88888888888888884        1.0000000639742985     
  0.66263378264304895       0.88888888888888884        1.0000000445706658     
  0.67352169814178375       0.88888888888888884       0.99997173436529807     
  0.67898975077648893       0.88888888888888884       0.99955993155074752     
  0.68248647121150496       0.88888888888888884       0.99747537253203034     
  0.68532822493044154       0.88888888888888884       0.98962720277808747     
  0.68796747755927701       0.88888888888888884       0.96225703073811508     
  0.68972313236574090       0.88888888888888884       0.91377671957874373     
  0.69155461595241774       0.88888888888888884       0.80921321017724934     
  0.69306941359268004       0.88888888888888884       0.66541338421439089     
  0.69457518546994879       0.88888888888888884       0.48366253715892099     
  0.69616668172574225       0.88888888888888884       0.29710397373768860     
  0.69775278488918524       0.88888888888888884       0.16054442740452501     
  0.69955785000469850       0.88888888888888884        7.1976676601157530E-002
  0.70194699052479881       0.88888888888888884        2.2948771101797185E-002
  0.70446714516831599       0.88888888888888884        6.6180306002160127E-003
  0.70765652119429900       0.88888888888888884        1.3507649934185902E-003
  0.71224087390309254       0.88888888888888884        1.3772286354707001E-004
  0.72366670331471372       0.88888888888888884        9.4442107270068175E-007
  0.73855635902233141       0.88888888888888884       -7.4616018434004025E-007
  0.79932718682303849       0.88888888888888884       -6.1668182283868751E-008
   1.0000000000000000       0.88888888888888884        4.0626729971247991E-027
   0.0000000000000000        1.0000000000000000        1.0000000000000000     
  0.49274013389695476        1.0000000000000000        1.0000000172409755     
  0.66766555092624635        1.0000000000000000        1.0000002416450142     
  0.71472389054151497        1.0000000000000000       0.99999946694596553     
  0.72519969276950225        1.0000000000000000       0.99999544766676474     
  0.73083918720584362        1.0000000000000000       0.99993064297304457     
  0.73447570868212930        1.0000000000000000       0.99957443852619732     
  0.73731918834224008        1.0000000000000000       0.99823937880929225     
  0.74053067280816753        1.0000000000000000       0.99129109686838546     
  0.74230713117642433        1.0000000000000000       0.97909085904600268     
  0.74399316122954851        1.0000000000000000       0.95272855898666486     
  0.74547517614064840        1.0000000000000000       0.90571608132078940     
  0.74685195170816931        1.0000000000000000       0.82835683768844159     
  0.74826484458773013        1.0000000000000000       0.70424197649772269     
  0.74973766960761068        1.0000000000000000       0.53274543567460542     
  0.75148329175137962        1.0000000000000000       0.32264517475144805     
  0.75367933868930526        1.0000000000000000       0.13709055843100026     
  0.75611894185333373        1.0000000000000000        4.4810374355913750E-002
  0.75898688634449563        1.0000000000000000        1.1058549444477558E-002
  0.76263059702032854        1.0000000000000000        1.8054216419559211E-003
  0.76976037806149755        1.0000000000000000        5.1462255665359756E-005
  0.77823483349599276        1.0000000000000000        7.3318770227898194E-007
  0.81461020827793185        1.0000000000000000       -1.9216782521652675E-008
   1.0000000000000000        1.0000000000000000       -1.6027617675933291E-029
