   0.0000000000000000        0.0000000000000000        0.0000000000000000     
   1.6562855422440790E-003   0.0000000000000000        0.0000000000000000     
   3.9072936776047944E-003   0.0000000000000000        0.0000000000000000     
   7.5013933065368596E-003   0.0000000000000000        0.0000000000000000     
   1.4995028041359434E-002   0.0000000000000000        0.0000000000000000     
   2.7667498267959945E-002   0.0000000000000000        0.0000000000000000     
   4.3230600466261690E-002   0.0000000000000000        0.0000000000000000     
   5.8881824064593483E-002   0.0000000000000000        0.0000000000000000     
   7.3724120017648040E-002   0.0000000000000000        0.0000000000000000     
   8.8458395924018801E-002   0.0000000000000000        0.0000000000000000     
   9.4675358797508838E-002   0.0000000000000000        0.0000000000000000     
   9.9052964107175401E-002   0.0000000000000000        0.0000000000000000     
  0.10344471019140551        0.0000000000000000        0.0000000000000000     
  0.10792290201767059        0.0000000000000000        0.0000000000000000     
  0.11449169878681895        0.0000000000000000        0.0000000000000000     
  0.12413226348765831        0.0000000000000000        0.0000000000000000     
  0.15652900885723511        0.0000000000000000        0.0000000000000000     
  0.19541012972910654        0.0000000000000000        0.0000000000000000     
  0.42351794131012277        0.0000000000000000        0.0000000000000000     
   1.0000000000000000        0.0000000000000000        0.0000000000000000     
   0.0000000000000000       0.11111111111111110       0.30870559586087715     
   1.6562855422440790E-003  0.11111111111111110       0.30618883152305143     
   3.9072936776047944E-003  0.11111111111111110       0.29962874196001388     
   7.5013933065368596E-003  0.11111111111111110       0.28811967837698960     
   1.4995028041359434E-002  0.11111111111111110       0.26466840557108390     
   2.7667498267959945E-002  0.11111111111111110       0.22812944633032889     
   4.3230600466261690E-002  0.11111111111111110       0.18936842403026172     
   5.8881824064593483E-002  0.11111111111111110       0.15768620562258195     
   7.3724120017648040E-002  0.11111111111111110       0.13414926809506542     
   8.8458395924018801E-002  0.11111111111111110       0.11678738977671443     
   9.4675358797508838E-002  0.11111111111111110       0.11142534752334887     
   9.9052964107175401E-002  0.11111111111111110       0.10847944577057075     
  0.10344471019140551       0.11111111111111110       0.10631054638530660     
  0.10792290201767059       0.11111111111111110       0.10496166904234835     
  0.11449169878681895       0.11111111111111110       0.10425447741148562     
  0.12413226348765831       0.11111111111111110       0.10417029883984893     
  0.15652900885723511       0.11111111111111110       0.10416997317476877     
  0.19541012972910654       0.11111111111111110       0.10416989226744826     
  0.42351794131012277       0.11111111111111110       0.10416990842777613     
   1.0000000000000000       0.11111111111111110       0.10416990409203085     
   0.0000000000000000       0.22222222222222221       0.38157391250519368     
   1.8884303163580270E-003  0.22222222222222221       0.37881887097200329     
   4.4685324468723775E-003  0.22222222222222221       0.37174586547023319     
   8.6915938835193263E-003  0.22222222222222221       0.35896097282195055     
   2.0879256795801857E-002  0.22222222222222221       0.32054534389216660     
   3.8460013277062222E-002  0.22222222222222221       0.26547545640617104     
   5.6633994589399779E-002  0.22222222222222221       0.21428264013997575     
   7.5029326451212519E-002  0.22222222222222221       0.17193822823349431     
   9.5148283420145460E-002  0.22222222222222221       0.13730045173739186     
  0.12218541540228121       0.22222222222222221       0.10716893230741592     
  0.14900781797601020       0.22222222222222221        9.0666208280916871E-002
  0.16905099216195935       0.22222222222222221        8.3962730692564172E-002
  0.18038068034522325       0.22222222222222221        8.1592194787602129E-002
  0.18922413542490613       0.22222222222222221        8.0272836863155839E-002
  0.19727439230074037       0.22222222222222221        7.9405191468420233E-002
  0.20427121373909640       0.22222222222222221        7.8874029735742757E-002
  0.21157140455186763       0.22222222222222221        7.8515921105076589E-002
  0.22345038717266055       0.22222222222222221        7.8282299019993978E-002
  0.24320105462240924       0.22222222222222221        7.8255818783251371E-002
  0.28684686067572784       0.22222222222222221        7.8255952979364440E-002
  0.42393637989875282       0.22222222222222221        7.8255891056671731E-002
   1.0000000000000000       0.22222222222222221        7.8255875009916820E-002
   0.0000000000000000       0.33333333333333331       0.44337333098740228     
   2.0861879958143821E-003  0.33333333333333331       0.44058633041321771     
   4.9200388040136888E-003  0.33333333333333331       0.43362745641353601     
   9.4843083651509914E-003  0.33333333333333331       0.42149382367196081     
   2.1162553874957281E-002  0.33333333333333331       0.38766265623323082     
   4.0233721385927235E-002  0.33333333333333331       0.32636513290785896     
   6.0855918285892222E-002  0.33333333333333331       0.26062589792013341     
   8.0880196878241425E-002  0.33333333333333331       0.20527377596612231     
  0.10269716038913057       0.33333333333333331       0.15864749589966476     
  0.12939526982146560       0.33333333333333331       0.12041539878264450     
  0.15786399212880581       0.33333333333333331        9.7102067854168722E-002
  0.19134181526004695       0.33333333333333331        8.3959860379262341E-002
  0.21416895659121737       0.33333333333333331        7.9868539707149855E-002
  0.23568294127596262       0.33333333333333331        7.7876174307492566E-002
  0.24990704259582414       0.33333333333333331        7.7129923053391877E-002
  0.26105103073795344       0.33333333333333331        7.6743255989051865E-002
  0.27106771390517798       0.33333333333333331        7.6499031683559204E-002
  0.28221178214453096       0.33333333333333331        7.6309858138123951E-002
  0.30822900237777762       0.33333333333333331        7.6081789592596982E-002
  0.33680367413377393       0.33333333333333331        7.6022012114556295E-002
  0.45371337647700205       0.33333333333333331        7.6020743391022549E-002
   1.0000000000000000       0.33333333333333331        7.6020741796086241E-002
   0.0000000000000000       0.44444444444444442       0.49139336389795435     
   2.2967042155248936E-003  0.44444444444444442       0.48856650362593107     
   5.4229669440498647E-003  0.44444444444444442       0.48173792618517025     
   1.0513496618393741E-002  0.44444444444444442       0.47040316171846452     
   2.0454971184371076E-002  0.44444444444444442       0.44634848559429341     
   3.9178967929925840E-002  0.44444444444444442       0.39142836463390407     
   6.2250493657586559E-002  0.44444444444444442       0.31551982076110624     
   8.3475159034441693E-002  0.44444444444444442       0.24897499036369536     
  0.10484334200157347       0.44444444444444442       0.19310154304225582     
  0.12880536682163105       0.44444444444444442       0.14691548873939136     
  0.16101154733618772       0.44444444444444442       0.10897535234793299     
  0.18890407125342473       0.44444444444444442        9.1765008404861001E-002
  0.21837248392222464       0.44444444444444442        8.2766437020242750E-002
  0.24858688671040607       0.44444444444444442        7.8659648449273395E-002
  0.26325704882851758       0.44444444444444442        7.7643370806072295E-002
  0.27732459601994353       0.44444444444444442        7.7011500417811296E-002
  0.29385483992327383       0.44444444444444442        7.6546848027200534E-002
  0.31423304433384791       0.44444444444444442        7.6225290487608621E-002
  0.33375334276487295       0.44444444444444442        7.6064281475280812E-002
  0.38639716846453587       0.44444444444444442        7.5920488148872131E-002
  0.44517565939425430       0.44444444444444442        7.5900135860791029E-002
   1.0000000000000000       0.44444444444444442        7.5899977682516009E-002
   0.0000000000000000       0.55555555555555558       0.52720388706177568     
   2.5666544471310507E-003  0.55555555555555558       0.52416301443189284     
   5.7704684689153362E-003  0.55555555555555558       0.51777275677594559     
   1.0239099637251888E-002  0.55555555555555558       0.50956825374983850     
   1.8439043811238419E-002  0.55555555555555558       0.49456103875300228     
   3.3553517280661062E-002  0.55555555555555558       0.45977811770706295     
   5.3613115322813473E-002  0.55555555555555558       0.40107614750207932     
   7.6478054316749089E-002  0.55555555555555558       0.32591779795340703     
   9.8866049730026773E-002  0.55555555555555558       0.25536075020608417     
  0.12129563965855322       0.55555555555555558       0.19636762734982049     
  0.14706762613033161       0.55555555555555558       0.14696993297819030     
  0.17578136212581749       0.55555555555555558       0.11258841346464440     
  0.20606697360080090       0.55555555555555558        9.2940029802931201E-002
  0.23802175130199643       0.55555555555555558        8.3030826312999323E-002
  0.26698613149521688       0.55555555555555558        7.9000218091730023E-002
  0.29172919818078558       0.55555555555555558        7.7380033685549923E-002
  0.31918978137638060       0.55555555555555558        7.6532580291803667E-002
  0.35934155525131861       0.55555555555555558        7.6070788567776104E-002
  0.40437740327593991       0.55555555555555558        7.5932783119829803E-002
  0.44546344560787193       0.55555555555555558        7.5902924583534079E-002
  0.72273172280393472       0.55555555555555558        7.5894002517601061E-002
   1.0000000000000000       0.55555555555555558        7.5893946512430782E-002
   0.0000000000000000       0.66666666666666663       0.55366724110964516     
   2.5666544471310507E-003  0.66666666666666663       0.55074213665837524     
   5.7704684689153362E-003  0.66666666666666663       0.54445910053368662     
   1.0239099637251888E-002  0.66666666666666663       0.53729614310303886     
   1.8439043811238419E-002  0.66666666666666663       0.52634299668826490     
   3.3553517280661062E-002  0.66666666666666663       0.50011888088773260     
   5.3613115322813473E-002  0.66666666666666663       0.45094862394929131     
   7.6478054316749089E-002  0.66666666666666663       0.38071429393598322     
   9.8866049730026773E-002  0.66666666666666663       0.30734905683376923     
  0.12129563965855322       0.66666666666666663       0.23982460946386663     
  0.14706762613033161       0.66666666666666663       0.17817951916777502     
  0.17578136212581749       0.66666666666666663       0.13181244006784568     
  0.20606697360080090       0.66666666666666663       0.10342157404081270     
  0.23802175130199643       0.66666666666666663        8.8134231651554235E-002
  0.26698613149521688       0.66666666666666663        8.1520908060538771E-002
  0.29172919818078558       0.66666666666666663        7.8718658748938575E-002
  0.31918978137638060       0.66666666666666663        7.7178196335525029E-002
  0.35934155525131861       0.66666666666666663        7.6283185513137675E-002
  0.40437740327593991       0.66666666666666663        7.5990051894888833E-002
  0.44546344560787193       0.66666666666666663        7.5919270557915530E-002
  0.72273172280393472       0.66666666666666663        7.5893690657007656E-002
   1.0000000000000000       0.66666666666666663        7.5893667126736161E-002
   0.0000000000000000       0.77777777777777779       0.57445188665514446     
   3.9584270218943991E-003  0.77777777777777779       0.56825392018835474     
   7.9251457840529699E-003  0.77777777777777779       0.56008714740161769     
   1.3108010066353360E-002  0.77777777777777779       0.55376871452569842     
   2.1186564794052787E-002  0.77777777777777779       0.54630241082679598     
   3.1617685222214538E-002  0.77777777777777779       0.53366352665777694     
   4.9317608793116877E-002  0.77777777777777779       0.50202241620527677     
   7.1915015603597615E-002  0.77777777777777779       0.44470041813483030     
   9.5200312016506902E-002  0.77777777777777779       0.37228351963903039     
  0.11987572079380128       0.77777777777777779       0.29269716865984130     
  0.14283481303370293       0.77777777777777779       0.22682443851587206     
  0.16677911112464028       0.77777777777777779       0.17296329938864777     
  0.19442921569753624       0.77777777777777779       0.13045913467500464     
  0.22555435642631044       0.77777777777777779       0.10257320691696870     
  0.26352680070068274       0.77777777777777779        8.6264616235277619E-002
  0.30179174512336260       0.77777777777777779        7.9672918721240910E-002
  0.35088215173085058       0.77777777777777779        7.6865980557438290E-002
  0.39483016139631966       0.77777777777777779        7.6167289570071434E-002
  0.43320856843549005       0.77777777777777779        7.5980502119520801E-002
  0.53853471117934015       0.77777777777777779        7.5896053040190758E-002
  0.67705092129028122       0.77777777777777779        7.5893614760302278E-002
   1.0000000000000000       0.77777777777777779        7.5893653420552848E-002
   0.0000000000000000       0.88888888888888884       0.59628115442594631     
   3.9584270218943991E-003  0.88888888888888884       0.58816805073190392     
   7.9251457840529699E-003  0.88888888888888884       0.57604396816677061     
   1.3108010066353360E-002  0.88888888888888884       0.56825913566690200     
   2.1186564794052787E-002  0.88888888888888884       0.56337125932681897     
   3.1617685222214538E-002  0.88888888888888884       0.55551298280483707     
   4.9317608793116877E-002  0.88888888888888884       0.53299309479274404     
   7.1915015603597615E-002  0.88888888888888884       0.48705627866253981     
   9.5200312016506902E-002  0.88888888888888884       0.42258506872863016     
  0.11987572079380128       0.88888888888888884       0.34400144500900620     
  0.14283481303370293       0.88888888888888884       0.27229634788695373     
  0.16677911112464028       0.88888888888888884       0.20848627453015112     
  0.19442921569753624       0.88888888888888884       0.15418507775911530     
  0.22555435642631044       0.88888888888888884       0.11608857909401214     
  0.26352680070068274       0.88888888888888884        9.2380965767235257E-002
  0.30179174512336260       0.88888888888888884        8.2215465101170698E-002
  0.35088215173085058       0.88888888888888884        7.7631153512900022E-002
  0.39483016139631966       0.88888888888888884        7.6414972788639818E-002
  0.43320856843549005       0.88888888888888884        7.6069613517188384E-002
  0.53853471117934015       0.88888888888888884        7.5900609146584766E-002
  0.67705092129028122       0.88888888888888884        7.5893701748243086E-002
   1.0000000000000000       0.88888888888888884        7.5893651170299253E-002
   0.0000000000000000        1.0000000000000000       0.63001430739714304     
   3.9584270218943991E-003   1.0000000000000000       0.62196521290203366     
   7.9251457840529699E-003   1.0000000000000000       0.60193422347911829     
   1.3108010066353360E-002   1.0000000000000000       0.58401324296254553     
   2.1186564794052787E-002   1.0000000000000000       0.57816186599147867     
   3.1617685222214538E-002   1.0000000000000000       0.57326665982057667     
   4.9317608793116877E-002   1.0000000000000000       0.55784256200324855     
   7.1915015603597615E-002   1.0000000000000000       0.52265246638091423     
   9.5200312016506902E-002   1.0000000000000000       0.46819651267278917     
  0.11987572079380128        1.0000000000000000       0.39505624965844288     
  0.14283481303370293        1.0000000000000000       0.32160547625106867     
  0.16677911112464028        1.0000000000000000       0.25017108553367834     
  0.19442921569753624        1.0000000000000000       0.18410804892969318     
  0.22555435642631044        1.0000000000000000       0.13418877739970256     
  0.26352680070068274        1.0000000000000000       0.10103617737321050     
  0.30179174512336260        1.0000000000000000        8.5978088722811291E-002
  0.35088215173085058        1.0000000000000000        7.8822970261740427E-002
  0.39483016139631966        1.0000000000000000        7.6819111261008960E-002
  0.43320856843549005        1.0000000000000000        7.6221650608900626E-002
  0.53853471117934015        1.0000000000000000        7.5909528365100482E-002
  0.67705092129028122        1.0000000000000000        7.5893873332574760E-002
   1.0000000000000000        1.0000000000000000        7.5893649035919025E-002
