   0.0000000000000000        0.0000000000000000        0.0000000000000000     
   4.9861309061780341E-005   0.0000000000000000        9.9722618123560683E-005
   1.2570686773239706E-004   0.0000000000000000        2.5141373546479413E-004
   2.4618634653558106E-004   0.0000000000000000        4.9237269307116213E-004
   4.2909294882682609E-004   0.0000000000000000        8.5818589765365217E-004
   7.0484791753885998E-004   0.0000000000000000        1.4096958350777200E-003
   1.1138705269175162E-003   0.0000000000000000        2.2277410538350324E-003
   1.7081761749812791E-003   0.0000000000000000        3.4163523499625582E-003
   2.5658466318190867E-003   0.0000000000000000        5.1316932636381735E-003
   3.7824433516251226E-003   0.0000000000000000        7.5648867032502452E-003
   5.5736325165777235E-003   0.0000000000000000        1.1147265033155447E-002
   8.1421409752404413E-003   0.0000000000000000        1.6284281950480883E-002
   1.1742382285371875E-002   0.0000000000000000        2.3484764570743749E-002
   1.6736167557015062E-002   0.0000000000000000        3.3472335114030125E-002
   2.3590859256069265E-002   0.0000000000000000        4.7181718512138530E-002
   3.2901462162796373E-002   0.0000000000000000        6.5802924325592746E-002
   4.5415686598844644E-002   0.0000000000000000        9.0831373197689289E-002
   6.2050444854375150E-002   0.0000000000000000       0.12410088970875030     
   8.4021634861597819E-002   0.0000000000000000       0.16804326972319564     
  0.11403846840270740        0.0000000000000000       0.22807693680541480     
  0.15341652083930440        0.0000000000000000       0.30683304167860881     
  0.20474460766686570        0.0000000000000000       0.40948921533373139     
  0.27125886657762555        0.0000000000000000       0.54251773315525109     
  0.35694513148025547        0.0000000000000000       0.71389026296051095     
  0.46660347144837566        0.0000000000000000       0.93320694289675132     
  0.60586297145860968        0.0000000000000000        1.2117259429172194     
  0.78118638832012999        0.0000000000000000        1.5623727766402600     
   1.0000000000000000        0.0000000000000000        2.0000000000000000     
   0.0000000000000000       0.11111111111111110        0.0000000000000000     
   4.9861309061780341E-005  0.11111111111111110       0.14821765763862788     
   1.2570686773239706E-004  0.11111111111111110       0.26534875410936032     
   2.4618634653558106E-004  0.11111111111111110       0.37195738306057180     
   4.2909294882682609E-004  0.11111111111111110       0.46933898441690636     
   7.0484791753885998E-004  0.11111111111111110       0.56097007278347111     
   1.1138705269175162E-003  0.11111111111111110       0.64799839369133316     
   1.7081761749812791E-003  0.11111111111111110       0.73077153562279151     
   2.5658466318190867E-003  0.11111111111111110       0.81040556493114169     
   3.7824433516251226E-003  0.11111111111111110       0.88690027867949861     
   5.5736325165777235E-003  0.11111111111111110       0.96367183539085777     
   8.1421409752404413E-003  0.11111111111111110        1.0389626345071963     
   1.1742382285371875E-002  0.11111111111111110        1.1118526176113195     
   1.6736167557015062E-002  0.11111111111111110        1.1824961113539825     
   2.3590859256069265E-002  0.11111111111111110        1.2509962698459338     
   3.2901462162796373E-002  0.11111111111111110        1.3174190818143670     
   4.5415686598844644E-002  0.11111111111111110        1.3818112172780463     
   6.2050444854375150E-002  0.11111111111111110        1.4441756860141939     
   8.4021634861597819E-002  0.11111111111111110        1.5047627719908512     
  0.11403846840270740       0.11111111111111110        1.5658266408764114     
  0.15341652083930440       0.11111111111111110        1.6251303595040381     
  0.20474460766686570       0.11111111111111110        1.6828368863570540     
  0.27125886657762555       0.11111111111111110        1.7390880547781187     
  0.35694513148025547       0.11111111111111110        1.7939817169954873     
  0.46660347144837566       0.11111111111111110        1.8475552836345890     
  0.60586297145860968       0.11111111111111110        1.8997856191828717     
  0.78118638832012999       0.11111111111111110        1.9506142424998529     
   1.0000000000000000       0.11111111111111110        2.0000000000000000     
   0.0000000000000000       0.22222222222222221        0.0000000000000000     
   4.9861309061780341E-005  0.22222222222222221       0.14821765763862660     
   1.2570686773239706E-004  0.22222222222222221       0.26534875410935849     
   2.4618634653558106E-004  0.22222222222222221       0.37195738306056975     
   4.2909294882682609E-004  0.22222222222222221       0.46933898441690425     
   7.0484791753885998E-004  0.22222222222222221       0.56097007278346900     
   1.1138705269175162E-003  0.22222222222222221       0.64799839369133072     
   1.7081761749812791E-003  0.22222222222222221       0.73077153562278885     
   2.5658466318190867E-003  0.22222222222222221       0.81040556493113880     
   3.7824433516251226E-003  0.22222222222222221       0.88690027867949572     
   5.5736325165777235E-003  0.22222222222222221       0.96367183539085477     
   8.1421409752404413E-003  0.22222222222222221        1.0389626345071930     
   1.1742382285371875E-002  0.22222222222222221        1.1118526176113162     
   1.6736167557015062E-002  0.22222222222222221        1.1824961113539796     
   2.3590859256069265E-002  0.22222222222222221        1.2509962698459314     
   3.2901462162796373E-002  0.22222222222222221        1.3174190818143652     
   4.5415686598844644E-002  0.22222222222222221        1.3818112172780457     
   6.2050444854375150E-002  0.22222222222222221        1.4441756860141939     
   8.4021634861597819E-002  0.22222222222222221        1.5047627719908512     
  0.11403846840270740       0.22222222222222221        1.5658266408764114     
  0.15341652083930440       0.22222222222222221        1.6251303595040378     
  0.20474460766686570       0.22222222222222221        1.6828368863570533     
  0.27125886657762555       0.22222222222222221        1.7390880547781178     
  0.35694513148025547       0.22222222222222221        1.7939817169954859     
  0.46660347144837566       0.22222222222222221        1.8475552836345872     
  0.60586297145860968       0.22222222222222221        1.8997856191828713     
  0.78118638832012999       0.22222222222222221        1.9506142424998529     
   1.0000000000000000       0.22222222222222221        2.0000000000000000     
   0.0000000000000000       0.33333333333333331        0.0000000000000000     
   4.9861309061780341E-005  0.33333333333333331       0.14821765763862707     
   1.2570686773239706E-004  0.33333333333333331       0.26534875410935921     
   2.4618634653558106E-004  0.33333333333333331       0.37195738306057075     
   4.2909294882682609E-004  0.33333333333333331       0.46933898441690525     
   7.0484791753885998E-004  0.33333333333333331       0.56097007278347033     
   1.1138705269175162E-003  0.33333333333333331       0.64799839369133205     
   1.7081761749812791E-003  0.33333333333333331       0.73077153562279040     
   2.5658466318190867E-003  0.33333333333333331       0.81040556493114058     
   3.7824433516251226E-003  0.33333333333333331       0.88690027867949772     
   5.5736325165777235E-003  0.33333333333333331       0.96367183539085755     
   8.1421409752404413E-003  0.33333333333333331        1.0389626345071967     
   1.1742382285371875E-002  0.33333333333333331        1.1118526176113199     
   1.6736167557015062E-002  0.33333333333333331        1.1824961113539838     
   2.3590859256069265E-002  0.33333333333333331        1.2509962698459347     
   3.2901462162796373E-002  0.33333333333333331        1.3174190818143683     
   4.5415686598844644E-002  0.33333333333333331        1.3818112172780483     
   6.2050444854375150E-002  0.33333333333333331        1.4441756860141961     
   8.4021634861597819E-002  0.33333333333333331        1.5047627719908532     
  0.11403846840270740       0.33333333333333331        1.5658266408764132     
  0.15341652083930440       0.33333333333333331        1.6251303595040392     
  0.20474460766686570       0.33333333333333331        1.6828368863570540     
  0.27125886657762555       0.33333333333333331        1.7390880547781178     
  0.35694513148025547       0.33333333333333331        1.7939817169954859     
  0.46660347144837566       0.33333333333333331        1.8475552836345872     
  0.60586297145860968       0.33333333333333331        1.8997856191828708     
  0.78118638832012999       0.33333333333333331        1.9506142424998527     
   1.0000000000000000       0.33333333333333331        1.9999999999999998     
   0.0000000000000000       0.44444444444444442        0.0000000000000000     
   4.9861309061780341E-005  0.44444444444444442       0.14821765763862776     
   1.2570686773239706E-004  0.44444444444444442       0.26534875410936015     
   2.4618634653558106E-004  0.44444444444444442       0.37195738306057186     
   4.2909294882682609E-004  0.44444444444444442       0.46933898441690647     
   7.0484791753885998E-004  0.44444444444444442       0.56097007278347155     
   1.1138705269175162E-003  0.44444444444444442       0.64799839369133350     
   1.7081761749812791E-003  0.44444444444444442       0.73077153562279173     
   2.5658466318190867E-003  0.44444444444444442       0.81040556493114191     
   3.7824433516251226E-003  0.44444444444444442       0.88690027867949894     
   5.5736325165777235E-003  0.44444444444444442       0.96367183539085854     
   8.1421409752404413E-003  0.44444444444444442        1.0389626345071974     
   1.1742382285371875E-002  0.44444444444444442        1.1118526176113206     
   1.6736167557015062E-002  0.44444444444444442        1.1824961113539840     
   2.3590859256069265E-002  0.44444444444444442        1.2509962698459354     
   3.2901462162796373E-002  0.44444444444444442        1.3174190818143687     
   4.5415686598844644E-002  0.44444444444444442        1.3818112172780483     
   6.2050444854375150E-002  0.44444444444444442        1.4441756860141957     
   8.4021634861597819E-002  0.44444444444444442        1.5047627719908525     
  0.11403846840270740       0.44444444444444442        1.5658266408764123     
  0.15341652083930440       0.44444444444444442        1.6251303595040385     
  0.20474460766686570       0.44444444444444442        1.6828368863570533     
  0.27125886657762555       0.44444444444444442        1.7390880547781176     
  0.35694513148025547       0.44444444444444442        1.7939817169954855     
  0.46660347144837566       0.44444444444444442        1.8475552836345868     
  0.60586297145860968       0.44444444444444442        1.8997856191828704     
  0.78118638832012999       0.44444444444444442        1.9506142424998525     
   1.0000000000000000       0.44444444444444442        1.9999999999999998     
   0.0000000000000000       0.55555555555555558        0.0000000000000000     
   4.9861309061780341E-005  0.55555555555555558       0.14821765763862846     
   1.2570686773239706E-004  0.55555555555555558       0.26534875410936115     
   2.4618634653558106E-004  0.55555555555555558       0.37195738306057302     
   4.2909294882682609E-004  0.55555555555555558       0.46933898441690763     
   7.0484791753885998E-004  0.55555555555555558       0.56097007278347277     
   1.1138705269175162E-003  0.55555555555555558       0.64799839369133472     
   1.7081761749812791E-003  0.55555555555555558       0.73077153562279307     
   2.5658466318190867E-003  0.55555555555555558       0.81040556493114324     
   3.7824433516251226E-003  0.55555555555555558       0.88690027867950039     
   5.5736325165777235E-003  0.55555555555555558       0.96367183539085965     
   8.1421409752404413E-003  0.55555555555555558        1.0389626345071981     
   1.1742382285371875E-002  0.55555555555555558        1.1118526176113213     
   1.6736167557015062E-002  0.55555555555555558        1.1824961113539847     
   2.3590859256069265E-002  0.55555555555555558        1.2509962698459360     
   3.2901462162796373E-002  0.55555555555555558        1.3174190818143690     
   4.5415686598844644E-002  0.55555555555555558        1.3818112172780483     
   6.2050444854375150E-002  0.55555555555555558        1.4441756860141952     
   8.4021634861597819E-002  0.55555555555555558        1.5047627719908521     
  0.11403846840270740       0.55555555555555558        1.5658266408764119     
  0.15341652083930440       0.55555555555555558        1.6251303595040376     
  0.20474460766686570       0.55555555555555558        1.6828368863570529     
  0.27125886657762555       0.55555555555555558        1.7390880547781171     
  0.35694513148025547       0.55555555555555558        1.7939817169954853     
  0.46660347144837566       0.55555555555555558        1.8475552836345868     
  0.60586297145860968       0.55555555555555558        1.8997856191828704     
  0.78118638832012999       0.55555555555555558        1.9506142424998520     
   1.0000000000000000       0.55555555555555558        2.0000000000000000     
   0.0000000000000000       0.66666666666666663        0.0000000000000000     
   4.9861309061780341E-005  0.66666666666666663       0.14821765763862890     
   1.2570686773239706E-004  0.66666666666666663       0.26534875410936171     
   2.4618634653558106E-004  0.66666666666666663       0.37195738306057369     
   4.2909294882682609E-004  0.66666666666666663       0.46933898441690836     
   7.0484791753885998E-004  0.66666666666666663       0.56097007278347344     
   1.1138705269175162E-003  0.66666666666666663       0.64799839369133561     
   1.7081761749812791E-003  0.66666666666666663       0.73077153562279396     
   2.5658466318190867E-003  0.66666666666666663       0.81040556493114413     
   3.7824433516251226E-003  0.66666666666666663       0.88690027867950105     
   5.5736325165777235E-003  0.66666666666666663       0.96367183539086010     
   8.1421409752404413E-003  0.66666666666666663        1.0389626345071985     
   1.1742382285371875E-002  0.66666666666666663        1.1118526176113215     
   1.6736167557015062E-002  0.66666666666666663        1.1824961113539849     
   2.3590859256069265E-002  0.66666666666666663        1.2509962698459363     
   3.2901462162796373E-002  0.66666666666666663        1.3174190818143692     
   4.5415686598844644E-002  0.66666666666666663        1.3818112172780479     
   6.2050444854375150E-002  0.66666666666666663        1.4441756860141950     
   8.4021634861597819E-002  0.66666666666666663        1.5047627719908516     
  0.11403846840270740       0.66666666666666663        1.5658266408764110     
  0.15341652083930440       0.66666666666666663        1.6251303595040372     
  0.20474460766686570       0.66666666666666663        1.6828368863570522     
  0.27125886657762555       0.66666666666666663        1.7390880547781169     
  0.35694513148025547       0.66666666666666663        1.7939817169954848     
  0.46660347144837566       0.66666666666666663        1.8475552836345863     
  0.60586297145860968       0.66666666666666663        1.8997856191828699     
  0.78118638832012999       0.66666666666666663        1.9506142424998520     
   1.0000000000000000       0.66666666666666663        2.0000000000000000     
   0.0000000000000000       0.77777777777777779        0.0000000000000000     
   4.9861309061780341E-005  0.77777777777777779       0.14821765763862854     
   1.2570686773239706E-004  0.77777777777777779       0.26534875410936121     
   2.4618634653558106E-004  0.77777777777777779       0.37195738306057308     
   4.2909294882682609E-004  0.77777777777777779       0.46933898441690780     
   7.0484791753885998E-004  0.77777777777777779       0.56097007278347288     
   1.1138705269175162E-003  0.77777777777777779       0.64799839369133494     
   1.7081761749812791E-003  0.77777777777777779       0.73077153562279318     
   2.5658466318190867E-003  0.77777777777777779       0.81040556493114324     
   3.7824433516251226E-003  0.77777777777777779       0.88690027867950028     
   5.5736325165777235E-003  0.77777777777777779       0.96367183539085932     
   8.1421409752404413E-003  0.77777777777777779        1.0389626345071974     
   1.1742382285371875E-002  0.77777777777777779        1.1118526176113206     
   1.6736167557015062E-002  0.77777777777777779        1.1824961113539838     
   2.3590859256069265E-002  0.77777777777777779        1.2509962698459356     
   3.2901462162796373E-002  0.77777777777777779        1.3174190818143683     
   4.5415686598844644E-002  0.77777777777777779        1.3818112172780472     
   6.2050444854375150E-002  0.77777777777777779        1.4441756860141943     
   8.4021634861597819E-002  0.77777777777777779        1.5047627719908510     
  0.11403846840270740       0.77777777777777779        1.5658266408764110     
  0.15341652083930440       0.77777777777777779        1.6251303595040372     
  0.20474460766686570       0.77777777777777779        1.6828368863570522     
  0.27125886657762555       0.77777777777777779        1.7390880547781169     
  0.35694513148025547       0.77777777777777779        1.7939817169954848     
  0.46660347144837566       0.77777777777777779        1.8475552836345863     
  0.60586297145860968       0.77777777777777779        1.8997856191828704     
  0.78118638832012999       0.77777777777777779        1.9506142424998520     
   1.0000000000000000       0.77777777777777779        2.0000000000000000     
   0.0000000000000000       0.88888888888888884        0.0000000000000000     
   4.9861309061780341E-005  0.88888888888888884       0.14821765763862821     
   1.2570686773239706E-004  0.88888888888888884       0.26534875410936071     
   2.4618634653558106E-004  0.88888888888888884       0.37195738306057247     
   4.2909294882682609E-004  0.88888888888888884       0.46933898441690713     
   7.0484791753885998E-004  0.88888888888888884       0.56097007278347222     
   1.1138705269175162E-003  0.88888888888888884       0.64799839369133427     
   1.7081761749812791E-003  0.88888888888888884       0.73077153562279240     
   2.5658466318190867E-003  0.88888888888888884       0.81040556493114246     
   3.7824433516251226E-003  0.88888888888888884       0.88690027867949939     
   5.5736325165777235E-003  0.88888888888888884       0.96367183539085843     
   8.1421409752404413E-003  0.88888888888888884        1.0389626345071965     
   1.1742382285371875E-002  0.88888888888888884        1.1118526176113197     
   1.6736167557015062E-002  0.88888888888888884        1.1824961113539829     
   2.3590859256069265E-002  0.88888888888888884        1.2509962698459347     
   3.2901462162796373E-002  0.88888888888888884        1.3174190818143678     
   4.5415686598844644E-002  0.88888888888888884        1.3818112172780466     
   6.2050444854375150E-002  0.88888888888888884        1.4441756860141939     
   8.4021634861597819E-002  0.88888888888888884        1.5047627719908507     
  0.11403846840270740       0.88888888888888884        1.5658266408764108     
  0.15341652083930440       0.88888888888888884        1.6251303595040372     
  0.20474460766686570       0.88888888888888884        1.6828368863570522     
  0.27125886657762555       0.88888888888888884        1.7390880547781169     
  0.35694513148025547       0.88888888888888884        1.7939817169954848     
  0.46660347144837566       0.88888888888888884        1.8475552836345865     
  0.60586297145860968       0.88888888888888884        1.8997856191828704     
  0.78118638832012999       0.88888888888888884        1.9506142424998523     
   1.0000000000000000       0.88888888888888884        2.0000000000000000     
   0.0000000000000000        1.0000000000000000        0.0000000000000000     
   4.9861309061780341E-005   1.0000000000000000       0.14821765763862782     
   1.2570686773239706E-004   1.0000000000000000       0.26534875410936026     
   2.4618634653558106E-004   1.0000000000000000       0.37195738306057191     
   4.2909294882682609E-004   1.0000000000000000       0.46933898441690652     
   7.0484791753885998E-004   1.0000000000000000       0.56097007278347155     
   1.1138705269175162E-003   1.0000000000000000       0.64799839369133350     
   1.7081761749812791E-003   1.0000000000000000       0.73077153562279173     
   2.5658466318190867E-003   1.0000000000000000       0.81040556493114146     
   3.7824433516251226E-003   1.0000000000000000       0.88690027867949850     
   5.5736325165777235E-003   1.0000000000000000       0.96367183539085732     
   8.1421409752404413E-003   1.0000000000000000        1.0389626345071956     
   1.1742382285371875E-002   1.0000000000000000        1.1118526176113186     
   1.6736167557015062E-002   1.0000000000000000        1.1824961113539822     
   2.3590859256069265E-002   1.0000000000000000        1.2509962698459338     
   3.2901462162796373E-002   1.0000000000000000        1.3174190818143670     
   4.5415686598844644E-002   1.0000000000000000        1.3818112172780461     
   6.2050444854375150E-002   1.0000000000000000        1.4441756860141932     
   8.4021634861597819E-002   1.0000000000000000        1.5047627719908503     
  0.11403846840270740        1.0000000000000000        1.5658266408764105     
  0.15341652083930440        1.0000000000000000        1.6251303595040367     
  0.20474460766686570        1.0000000000000000        1.6828368863570522     
  0.27125886657762555        1.0000000000000000        1.7390880547781167     
  0.35694513148025547        1.0000000000000000        1.7939817169954848     
  0.46660347144837566        1.0000000000000000        1.8475552836345865     
  0.60586297145860968        1.0000000000000000        1.8997856191828704     
  0.78118638832012999        1.0000000000000000        1.9506142424998525     
   1.0000000000000000        1.0000000000000000        2.0000000000000000     
